{"C:\\Users\\naomi\\CS261\\jest\\stubs\\stores.js": {"path":"C:\\Users\\naomi\\CS261\\jest\\stubs\\stores.js","statementMap":{"0":{"start":{"line":3,"column":20},"end":{"line":3,"column":32}}},"fnMap":{},"branchMap":{},"s":{"0":2},"f":{},"b":{},"_coverageSchema":"1a1c01bbd47fc00a2c39e90264f33305004495a9","hash":"36c61264c2587680129313be60bbbc0a9815b8c1"}
,"C:\\Users\\naomi\\CS261\\src\\routes\\Button.svelte": {"path":"C:\\Users\\naomi\\CS261\\src\\routes\\Button.svelte","statementMap":{"0":{"start":{"line":4,"column":278},"end":{"line":4,"column":304}},"1":{"start":{"line":5,"column":13},"end":{"line":5,"column":28}},"2":{"start":{"line":12,"column":42},"end":{"line":12,"column":56}},"3":{"start":{"line":13,"column":22},"end":{"line":13,"column":87}},"4":{"start":{"line":15,"column":15},"end":{"line":82,"column":2}},"5":{"start":{"line":17,"column":3},"end":{"line":17,"column":30}},"6":{"start":{"line":18,"column":3},"end":{"line":18,"column":38}},"7":{"start":{"line":18,"column":21},"end":{"line":18,"column":38}},"8":{"start":{"line":19,"column":3},"end":{"line":19,"column":96}},"9":{"start":{"line":20,"column":3},"end":{"line":20,"column":40}},"10":{"start":{"line":23,"column":3},"end":{"line":23,"column":114}},"11":{"start":{"line":26,"column":3},"end":{"line":26,"column":38}},"12":{"start":{"line":28,"column":3},"end":{"line":30,"column":4}},"13":{"start":{"line":29,"column":4},"end":{"line":29,"column":33}},"14":{"start":{"line":32,"column":3},"end":{"line":32,"column":18}},"15":{"start":{"line":34,"column":3},"end":{"line":47,"column":4}},"16":{"start":{"line":35,"column":4},"end":{"line":44,"column":6}},"17":{"start":{"line":39,"column":6},"end":{"line":39,"column":81}},"18":{"start":{"line":39,"column":51},"end":{"line":39,"column":81}},"19":{"start":{"line":46,"column":4},"end":{"line":46,"column":19}},"20":{"start":{"line":50,"column":3},"end":{"line":50,"column":17}},"21":{"start":{"line":52,"column":3},"end":{"line":65,"column":4}},"22":{"start":{"line":53,"column":4},"end":{"line":64,"column":5}},"23":{"start":{"line":54,"column":5},"end":{"line":63,"column":7}},"24":{"start":{"line":68,"column":3},"end":{"line":68,"column":23}},"25":{"start":{"line":68,"column":16},"end":{"line":68,"column":23}},"26":{"start":{"line":69,"column":3},"end":{"line":69,"column":38}},"27":{"start":{"line":70,"column":3},"end":{"line":70,"column":18}},"28":{"start":{"line":73,"column":3},"end":{"line":73,"column":39}},"29":{"start":{"line":74,"column":3},"end":{"line":74,"column":19}},"30":{"start":{"line":77,"column":3},"end":{"line":77,"column":37}},"31":{"start":{"line":77,"column":18},"end":{"line":77,"column":37}},"32":{"start":{"line":78,"column":3},"end":{"line":78,"column":47}},"33":{"start":{"line":78,"column":21},"end":{"line":78,"column":47}},"34":{"start":{"line":79,"column":3},"end":{"line":79,"column":19}},"35":{"start":{"line":80,"column":3},"end":{"line":80,"column":13}},"36":{"start":{"line":84,"column":1},"end":{"line":90,"column":4}},"37":{"start":{"line":92,"column":1},"end":{"line":92,"column":14}},"38":{"start":{"line":96,"column":40},"end":{"line":96,"column":47}},"39":{"start":{"line":97,"column":1},"end":{"line":97,"column":46}},"40":{"start":{"line":101,"column":7},"end":{"line":101,"column":14}},"41":{"start":{"line":103,"column":24},"end":{"line":103,"column":33}},"42":{"start":{"line":105,"column":1},"end":{"line":107,"column":4}},"43":{"start":{"line":106,"column":2},"end":{"line":106,"column":147}},"44":{"start":{"line":106,"column":83},"end":{"line":106,"column":147}},"45":{"start":{"line":109,"column":1},"end":{"line":112,"column":3}},"46":{"start":{"line":110,"column":2},"end":{"line":110,"column":65}},"47":{"start":{"line":110,"column":26},"end":{"line":110,"column":65}},"48":{"start":{"line":111,"column":2},"end":{"line":111,"column":71}},"49":{"start":{"line":111,"column":28},"end":{"line":111,"column":71}},"50":{"start":{"line":114,"column":1},"end":{"line":114,"column":43}},"51":{"start":{"line":114,"column":32},"end":{"line":114,"column":41}},"52":{"start":{"line":116,"column":1},"end":{"line":118,"column":3}},"53":{"start":{"line":117,"column":2},"end":{"line":117,"column":65}},"54":{"start":{"line":117,"column":26},"end":{"line":117,"column":65}},"55":{"start":{"line":120,"column":1},"end":{"line":122,"column":2}},"56":{"start":{"line":121,"column":2},"end":{"line":121,"column":41}},"57":{"start":{"line":124,"column":1},"end":{"line":124,"column":32}},"58":{"start":{"line":129,"column":2},"end":{"line":129,"column":17}},"59":{"start":{"line":130,"column":2},"end":{"line":130,"column":79}},"60":{"start":{"line":132,"column":2},"end":{"line":137,"column":5}},"61":{"start":{"line":141,"column":2},"end":{"line":141,"column":24}},"62":{"start":{"line":145,"column":2},"end":{"line":145,"column":24}},"63":{"start":{"line":146,"column":2},"end":{"line":146,"column":10}},"64":{"start":{"line":150,"column":0},"end":{"line":150,"column":25}},"65":{"start":{"line":150,"column":25},"end":{"line":150,"column":87}}},"fnMap":{"0":{"name":"create_fragment","decl":{"start":{"line":7,"column":9},"end":{"line":7,"column":24}},"loc":{"start":{"line":7,"column":30},"end":{"line":93,"column":1}},"line":7},"1":{"name":"create","decl":{"start":{"line":16,"column":14},"end":{"line":16,"column":20}},"loc":{"start":{"line":16,"column":23},"end":{"line":21,"column":3}},"line":16},"2":{"name":"claim","decl":{"start":{"line":22,"column":14},"end":{"line":22,"column":19}},"loc":{"start":{"line":22,"column":27},"end":{"line":24,"column":3}},"line":22},"3":{"name":"mount","decl":{"start":{"line":25,"column":14},"end":{"line":25,"column":19}},"loc":{"start":{"line":25,"column":36},"end":{"line":48,"column":3}},"line":25},"4":{"name":"(anonymous_4)","decl":{"start":{"line":38,"column":5},"end":{"line":38,"column":6}},"loc":{"start":{"line":38,"column":17},"end":{"line":40,"column":6}},"line":38},"5":{"name":"update","decl":{"start":{"line":49,"column":14},"end":{"line":49,"column":20}},"loc":{"start":{"line":49,"column":39},"end":{"line":66,"column":3}},"line":49},"6":{"name":"intro","decl":{"start":{"line":67,"column":14},"end":{"line":67,"column":19}},"loc":{"start":{"line":67,"column":27},"end":{"line":71,"column":3}},"line":67},"7":{"name":"outro","decl":{"start":{"line":72,"column":14},"end":{"line":72,"column":19}},"loc":{"start":{"line":72,"column":27},"end":{"line":75,"column":3}},"line":72},"8":{"name":"destroy","decl":{"start":{"line":76,"column":14},"end":{"line":76,"column":21}},"loc":{"start":{"line":76,"column":33},"end":{"line":81,"column":3}},"line":76},"9":{"name":"instance","decl":{"start":{"line":95,"column":9},"end":{"line":95,"column":17}},"loc":{"start":{"line":95,"column":49},"end":{"line":125,"column":1}},"line":95},"10":{"name":"(anonymous_10)","decl":{"start":{"line":99,"column":15},"end":{"line":99,"column":16}},"loc":{"start":{"line":99,"column":21},"end":{"line":101,"column":2}},"line":99},"11":{"name":"(anonymous_11)","decl":{"start":{"line":105,"column":30},"end":{"line":105,"column":31}},"loc":{"start":{"line":105,"column":37},"end":{"line":107,"column":2}},"line":105},"12":{"name":"(anonymous_12)","decl":{"start":{"line":109,"column":16},"end":{"line":109,"column":17}},"loc":{"start":{"line":109,"column":27},"end":{"line":112,"column":2}},"line":109},"13":{"name":"(anonymous_13)","decl":{"start":{"line":114,"column":25},"end":{"line":114,"column":26}},"loc":{"start":{"line":114,"column":32},"end":{"line":114,"column":41}},"line":114},"14":{"name":"(anonymous_14)","decl":{"start":{"line":116,"column":24},"end":{"line":116,"column":25}},"loc":{"start":{"line":116,"column":35},"end":{"line":118,"column":2}},"line":116},"15":{"name":"(anonymous_15)","decl":{"start":{"line":128,"column":1},"end":{"line":128,"column":2}},"loc":{"start":{"line":128,"column":22},"end":{"line":138,"column":2}},"line":128},"16":{"name":"(anonymous_16)","decl":{"start":{"line":140,"column":1},"end":{"line":140,"column":2}},"loc":{"start":{"line":140,"column":13},"end":{"line":142,"column":2}},"line":140},"17":{"name":"(anonymous_17)","decl":{"start":{"line":144,"column":1},"end":{"line":144,"column":2}},"loc":{"start":{"line":144,"column":18},"end":{"line":147,"column":2}},"line":144}},"branchMap":{"0":{"loc":{"start":{"line":18,"column":3},"end":{"line":18,"column":38}},"type":"if","locations":[{"start":{"line":18,"column":3},"end":{"line":18,"column":38}},{"start":{},"end":{}}],"line":18},"1":{"loc":{"start":{"line":28,"column":3},"end":{"line":30,"column":4}},"type":"if","locations":[{"start":{"line":28,"column":3},"end":{"line":30,"column":4}},{"start":{},"end":{}}],"line":28},"2":{"loc":{"start":{"line":34,"column":3},"end":{"line":47,"column":4}},"type":"if","locations":[{"start":{"line":34,"column":3},"end":{"line":47,"column":4}},{"start":{},"end":{}}],"line":34},"3":{"loc":{"start":{"line":39,"column":6},"end":{"line":39,"column":81}},"type":"if","locations":[{"start":{"line":39,"column":6},"end":{"line":39,"column":81}},{"start":{},"end":{}}],"line":39},"4":{"loc":{"start":{"line":52,"column":3},"end":{"line":65,"column":4}},"type":"if","locations":[{"start":{"line":52,"column":3},"end":{"line":65,"column":4}},{"start":{},"end":{}}],"line":52},"5":{"loc":{"start":{"line":53,"column":4},"end":{"line":64,"column":5}},"type":"if","locations":[{"start":{"line":53,"column":4},"end":{"line":64,"column":5}},{"start":{},"end":{}}],"line":53},"6":{"loc":{"start":{"line":53,"column":8},"end":{"line":53,"column":61}},"type":"binary-expr","locations":[{"start":{"line":53,"column":8},"end":{"line":53,"column":22}},{"start":{"line":53,"column":27},"end":{"line":53,"column":35}},{"start":{"line":53,"column":39},"end":{"line":53,"column":60}}],"line":53},"7":{"loc":{"start":{"line":59,"column":6},"end":{"line":61,"column":80}},"type":"cond-expr","locations":[{"start":{"line":60,"column":8},"end":{"line":60,"column":52}},{"start":{"line":61,"column":8},"end":{"line":61,"column":80}}],"line":59},"8":{"loc":{"start":{"line":68,"column":3},"end":{"line":68,"column":23}},"type":"if","locations":[{"start":{"line":68,"column":3},"end":{"line":68,"column":23}},{"start":{},"end":{}}],"line":68},"9":{"loc":{"start":{"line":77,"column":3},"end":{"line":77,"column":37}},"type":"if","locations":[{"start":{"line":77,"column":3},"end":{"line":77,"column":37}},{"start":{},"end":{}}],"line":77},"10":{"loc":{"start":{"line":78,"column":3},"end":{"line":78,"column":47}},"type":"if","locations":[{"start":{"line":78,"column":3},"end":{"line":78,"column":47}},{"start":{},"end":{}}],"line":78},"11":{"loc":{"start":{"line":96,"column":16},"end":{"line":96,"column":26}},"type":"default-arg","locations":[{"start":{"line":96,"column":24},"end":{"line":96,"column":26}}],"line":96},"12":{"loc":{"start":{"line":99,"column":7},"end":{"line":101,"column":2}},"type":"default-arg","locations":[{"start":{"line":99,"column":15},"end":{"line":101,"column":2}}],"line":99},"13":{"loc":{"start":{"line":106,"column":2},"end":{"line":106,"column":147}},"type":"if","locations":[{"start":{"line":106,"column":2},"end":{"line":106,"column":147}},{"start":{},"end":{}}],"line":106},"14":{"loc":{"start":{"line":106,"column":6},"end":{"line":106,"column":81}},"type":"binary-expr","locations":[{"start":{"line":106,"column":6},"end":{"line":106,"column":35}},{"start":{"line":106,"column":39},"end":{"line":106,"column":63}},{"start":{"line":106,"column":67},"end":{"line":106,"column":81}}],"line":106},"15":{"loc":{"start":{"line":110,"column":2},"end":{"line":110,"column":65}},"type":"if","locations":[{"start":{"line":110,"column":2},"end":{"line":110,"column":65}},{"start":{},"end":{}}],"line":110},"16":{"loc":{"start":{"line":111,"column":2},"end":{"line":111,"column":71}},"type":"if","locations":[{"start":{"line":111,"column":2},"end":{"line":111,"column":71}},{"start":{},"end":{}}],"line":111},"17":{"loc":{"start":{"line":117,"column":2},"end":{"line":117,"column":65}},"type":"if","locations":[{"start":{"line":117,"column":2},"end":{"line":117,"column":65}},{"start":{},"end":{}}],"line":117},"18":{"loc":{"start":{"line":120,"column":1},"end":{"line":122,"column":2}},"type":"if","locations":[{"start":{"line":120,"column":1},"end":{"line":122,"column":2}},{"start":{},"end":{}}],"line":120},"19":{"loc":{"start":{"line":120,"column":5},"end":{"line":120,"column":37}},"type":"binary-expr","locations":[{"start":{"line":120,"column":5},"end":{"line":120,"column":12}},{"start":{"line":120,"column":16},"end":{"line":120,"column":37}}],"line":120}},"s":{"0":1,"1":1,"2":4,"3":4,"4":4,"5":4,"6":4,"7":1,"8":4,"9":4,"10":0,"11":4,"12":4,"13":1,"14":4,"15":4,"16":4,"17":1,"18":1,"19":4,"20":0,"21":0,"22":0,"23":0,"24":0,"25":0,"26":0,"27":0,"28":0,"29":0,"30":4,"31":4,"32":4,"33":1,"34":4,"35":4,"36":4,"37":4,"38":4,"39":4,"40":4,"41":4,"42":4,"43":3,"44":0,"45":4,"46":0,"47":0,"48":0,"49":0,"50":4,"51":0,"52":4,"53":0,"54":0,"55":4,"56":0,"57":4,"58":4,"59":4,"60":4,"61":1,"62":0,"63":0,"64":1,"65":1},"f":{"0":4,"1":4,"2":0,"3":4,"4":1,"5":0,"6":0,"7":0,"8":4,"9":4,"10":0,"11":3,"12":0,"13":0,"14":0,"15":4,"16":1,"17":0},"b":{"0":[1,3],"1":[1,3],"2":[4,0],"3":[1,0],"4":[0,0],"5":[0,0],"6":[0,0,0],"7":[0,0],"8":[0,0],"9":[4,0],"10":[1,3],"11":[3],"12":[3],"13":[0,3],"14":[3,2,0],"15":[0,0],"16":[0,0],"17":[0,0],"18":[0,4],"19":[4,4]},"inputSourceMap":{"0":"{","1":"\"","2":"v","3":"e","4":"r","5":"s","6":"i","7":"o","8":"n","9":"\"","10":":","11":"3","12":",","13":"\"","14":"m","15":"a","16":"p","17":"p","18":"i","19":"n","20":"g","21":"s","22":"\"","23":":","24":"\"","25":";","26":";","27":";","28":";","29":";","30":";","31":";","32":";","33":";","34":";","35":";","36":";","37":";","38":";","39":";","40":";","41":";","42":";","43":";","44":";","45":";","46":";","47":";","48":";","49":";","50":"G","51":"A","52":"I","53":"A","54":",","55":"U","56":"A","57":"A","58":"u","59":"H","60":";","61":";","62":";","63":";","64":";","65":";","66":";","67":";","68":";","69":";","70":";","71":";","72":";","73":"g","74":"C","75":"A","76":"A","77":"r","78":"G","79":",","80":"G","81":"A","82":"A","83":"K","84":",","85":"g","86":"B","87":"A","88":"A","89":"L","90":",","91":"G","92":"A","93":"A","94":"K","95":";","96":";","97":";","98":";","99":";","100":";","101":";","102":";","103":";","104":";","105":";","106":";","107":";","108":";","109":";","110":";","111":";","112":";","113":";","114":";","115":";","116":";","117":";","118":";","119":";","120":";","121":";","122":";","123":";","124":";","125":";","126":";","127":";","128":";","129":";","130":";","131":";","132":";","133":";","134":";","135":";","136":";","137":";","138":";","139":";","140":";","141":";","142":";","143":";","144":";","145":";","146":";","147":";","148":";","149":";","150":";","151":";","152":";","153":";","154":";","155":"O","156":"C","157":"H","158":"X","159":",","160":"K","161":"A","162":"A","163":"A","164":";","165":";","166":";","167":";","168":";","169":";","170":";","171":";","172":";","173":";","174":";","175":";","176":";","177":";","178":";","179":";","180":";","181":";","182":";","183":";","184":";","185":";","186":";","187":";","188":";","189":";","190":";","191":";","192":";","193":";","194":";","195":";","196":";","197":";","198":";","199":";","200":";","201":";","202":";","203":";","204":";","205":";","206":";","207":";","208":";","209":";","210":";","211":";","212":";","213":";","214":";","215":"\"","216":",","217":"\"","218":"n","219":"a","220":"m","221":"e","222":"s","223":"\"","224":":","225":"[","226":"]","227":",","228":"\"","229":"s","230":"o","231":"u","232":"r","233":"c","234":"e","235":"s","236":"\"","237":":","238":"[","239":"\"","240":"B","241":"u","242":"t","243":"t","244":"o","245":"n","246":".","247":"s","248":"v","249":"e","250":"l","251":"t","252":"e","253":"\"","254":",","255":"\"","256":"c","257":":","258":"\\","259":"\\","260":"U","261":"s","262":"e","263":"r","264":"s","265":"\\","266":"\\","267":"n","268":"a","269":"o","270":"m","271":"i","272":"\\","273":"\\","274":"C","275":"S","276":"2","277":"6","278":"1","279":"\\","280":"\\","281":"s","282":"r","283":"c","284":"\\","285":"\\","286":"r","287":"o","288":"u","289":"t","290":"e","291":"s","292":"\\","293":"\\","294":"B","295":"u","296":"t","297":"t","298":"o","299":"n","300":".","301":"s","302":"v","303":"e","304":"l","305":"t","306":"e","307":"\"","308":"]","309":"}"},"_coverageSchema":"1a1c01bbd47fc00a2c39e90264f33305004495a9","hash":"770acfa109cdd5457b1be1b8c6bca98ee444906b"}
,"C:\\Users\\naomi\\CS261\\src\\routes\\Header.svelte": {"path":"C:\\Users\\naomi\\CS261\\src\\routes\\Header.svelte","statementMap":{"0":{"start":{"line":4,"column":260},"end":{"line":4,"column":286}},"1":{"start":{"line":5,"column":17},"end":{"line":5,"column":39}},"2":{"start":{"line":6,"column":13},"end":{"line":6,"column":28}},"3":{"start":{"line":9,"column":19},"end":{"line":9,"column":30}},"4":{"start":{"line":10,"column":1},"end":{"line":10,"column":24}},"5":{"start":{"line":11,"column":1},"end":{"line":11,"column":18}},"6":{"start":{"line":17,"column":24},"end":{"line":17,"column":49}},"7":{"start":{"line":22,"column":15},"end":{"line":54,"column":2}},"8":{"start":{"line":24,"column":3},"end":{"line":24,"column":20}},"9":{"start":{"line":25,"column":3},"end":{"line":25,"column":21}},"10":{"start":{"line":26,"column":3},"end":{"line":26,"column":75}},"11":{"start":{"line":28,"column":3},"end":{"line":30,"column":10}},"12":{"start":{"line":32,"column":3},"end":{"line":32,"column":36}},"13":{"start":{"line":35,"column":3},"end":{"line":35,"column":33}},"14":{"start":{"line":36,"column":3},"end":{"line":36,"column":20}},"15":{"start":{"line":39,"column":3},"end":{"line":39,"column":118}},"16":{"start":{"line":39,"column":93},"end":{"line":39,"column":118}},"17":{"start":{"line":41,"column":3},"end":{"line":43,"column":4}},"18":{"start":{"line":42,"column":4},"end":{"line":42,"column":38}},"19":{"start":{"line":45,"column":3},"end":{"line":49,"column":4}},"20":{"start":{"line":48,"column":4},"end":{"line":48,"column":40}},"21":{"start":{"line":52,"column":3},"end":{"line":52,"column":32}},"22":{"start":{"line":52,"column":18},"end":{"line":52,"column":32}},"23":{"start":{"line":56,"column":1},"end":{"line":62,"column":4}},"24":{"start":{"line":64,"column":1},"end":{"line":64,"column":14}},"25":{"start":{"line":70,"column":31},"end":{"line":70,"column":37}},"26":{"start":{"line":71,"column":1},"end":{"line":71,"column":36}},"27":{"start":{"line":72,"column":19},"end":{"line":72,"column":21}},"28":{"start":{"line":74,"column":1},"end":{"line":76,"column":2}},"29":{"start":{"line":74,"column":14},"end":{"line":74,"column":15}},"30":{"start":{"line":75,"column":2},"end":{"line":75,"column":75}},"31":{"start":{"line":78,"column":15},"end":{"line":133,"column":2}},"32":{"start":{"line":80,"column":3},"end":{"line":80,"column":30}},"33":{"start":{"line":81,"column":3},"end":{"line":81,"column":24}},"34":{"start":{"line":83,"column":3},"end":{"line":85,"column":4}},"35":{"start":{"line":83,"column":16},"end":{"line":83,"column":17}},"36":{"start":{"line":84,"column":4},"end":{"line":84,"column":23}},"37":{"start":{"line":87,"column":3},"end":{"line":87,"column":59}},"38":{"start":{"line":88,"column":3},"end":{"line":88,"column":37}},"39":{"start":{"line":89,"column":3},"end":{"line":89,"column":40}},"40":{"start":{"line":92,"column":3},"end":{"line":92,"column":114}},"41":{"start":{"line":95,"column":3},"end":{"line":95,"column":38}},"42":{"start":{"line":96,"column":3},"end":{"line":96,"column":27}},"43":{"start":{"line":98,"column":3},"end":{"line":100,"column":4}},"44":{"start":{"line":98,"column":16},"end":{"line":98,"column":17}},"45":{"start":{"line":99,"column":4},"end":{"line":99,"column":32}},"46":{"start":{"line":103,"column":3},"end":{"line":125,"column":4}},"47":{"start":{"line":104,"column":4},"end":{"line":104,"column":37}},"48":{"start":{"line":105,"column":4},"end":{"line":105,"column":39}},"49":{"start":{"line":108,"column":4},"end":{"line":118,"column":5}},"50":{"start":{"line":109,"column":23},"end":{"line":109,"column":59}},"51":{"start":{"line":111,"column":5},"end":{"line":117,"column":6}},"52":{"start":{"line":112,"column":6},"end":{"line":112,"column":41}},"53":{"start":{"line":114,"column":6},"end":{"line":114,"column":52}},"54":{"start":{"line":115,"column":6},"end":{"line":115,"column":25}},"55":{"start":{"line":116,"column":6},"end":{"line":116,"column":34}},"56":{"start":{"line":120,"column":4},"end":{"line":122,"column":5}},"57":{"start":{"line":121,"column":5},"end":{"line":121,"column":25}},"58":{"start":{"line":124,"column":4},"end":{"line":124,"column":43}},"59":{"start":{"line":130,"column":3},"end":{"line":130,"column":37}},"60":{"start":{"line":130,"column":18},"end":{"line":130,"column":37}},"61":{"start":{"line":131,"column":3},"end":{"line":131,"column":40}},"62":{"start":{"line":135,"column":1},"end":{"line":141,"column":4}},"63":{"start":{"line":143,"column":1},"end":{"line":143,"column":14}},"64":{"start":{"line":148,"column":1},"end":{"line":148,"column":30}},"65":{"start":{"line":149,"column":1},"end":{"line":149,"column":80}},"66":{"start":{"line":149,"column":46},"end":{"line":149,"column":78}},"67":{"start":{"line":150,"column":40},"end":{"line":150,"column":47}},"68":{"start":{"line":151,"column":1},"end":{"line":151,"column":37}},"69":{"start":{"line":152,"column":20},"end":{"line":152,"column":27}},"70":{"start":{"line":154,"column":1},"end":{"line":158,"column":4}},"71":{"start":{"line":155,"column":2},"end":{"line":157,"column":3}},"72":{"start":{"line":156,"column":3},"end":{"line":156,"column":73}},"73":{"start":{"line":160,"column":24},"end":{"line":160,"column":36}},"74":{"start":{"line":162,"column":1},"end":{"line":164,"column":4}},"75":{"start":{"line":163,"column":2},"end":{"line":163,"column":147}},"76":{"start":{"line":163,"column":83},"end":{"line":163,"column":147}},"77":{"start":{"line":166,"column":1},"end":{"line":168,"column":3}},"78":{"start":{"line":167,"column":2},"end":{"line":167,"column":74}},"79":{"start":{"line":167,"column":29},"end":{"line":167,"column":74}},"80":{"start":{"line":170,"column":1},"end":{"line":170,"column":59}},"81":{"start":{"line":170,"column":32},"end":{"line":170,"column":57}},"82":{"start":{"line":172,"column":1},"end":{"line":174,"column":3}},"83":{"start":{"line":173,"column":2},"end":{"line":173,"column":74}},"84":{"start":{"line":173,"column":29},"end":{"line":173,"column":74}},"85":{"start":{"line":176,"column":1},"end":{"line":178,"column":2}},"86":{"start":{"line":177,"column":2},"end":{"line":177,"column":41}},"87":{"start":{"line":180,"column":1},"end":{"line":180,"column":26}},"88":{"start":{"line":185,"column":2},"end":{"line":185,"column":17}},"89":{"start":{"line":186,"column":2},"end":{"line":186,"column":82}},"90":{"start":{"line":188,"column":2},"end":{"line":193,"column":5}},"91":{"start":{"line":197,"column":2},"end":{"line":197,"column":24}},"92":{"start":{"line":201,"column":2},"end":{"line":201,"column":27}},"93":{"start":{"line":202,"column":2},"end":{"line":202,"column":10}},"94":{"start":{"line":206,"column":0},"end":{"line":206,"column":25}},"95":{"start":{"line":206,"column":25},"end":{"line":206,"column":87}}},"fnMap":{"0":{"name":"get_each_context","decl":{"start":{"line":8,"column":9},"end":{"line":8,"column":25}},"loc":{"start":{"line":8,"column":40},"end":{"line":12,"column":1}},"line":8},"1":{"name":"create_each_block","decl":{"start":{"line":15,"column":9},"end":{"line":15,"column":26}},"loc":{"start":{"line":15,"column":32},"end":{"line":65,"column":1}},"line":15},"2":{"name":"create","decl":{"start":{"line":23,"column":14},"end":{"line":23,"column":20}},"loc":{"start":{"line":23,"column":23},"end":{"line":33,"column":3}},"line":23},"3":{"name":"mount","decl":{"start":{"line":34,"column":14},"end":{"line":34,"column":19}},"loc":{"start":{"line":34,"column":36},"end":{"line":37,"column":3}},"line":34},"4":{"name":"update","decl":{"start":{"line":38,"column":14},"end":{"line":38,"column":20}},"loc":{"start":{"line":38,"column":33},"end":{"line":50,"column":3}},"line":38},"5":{"name":"destroy","decl":{"start":{"line":51,"column":14},"end":{"line":51,"column":21}},"loc":{"start":{"line":51,"column":33},"end":{"line":53,"column":3}},"line":51},"6":{"name":"create_fragment","decl":{"start":{"line":67,"column":9},"end":{"line":67,"column":24}},"loc":{"start":{"line":67,"column":30},"end":{"line":144,"column":1}},"line":67},"7":{"name":"create","decl":{"start":{"line":79,"column":14},"end":{"line":79,"column":20}},"loc":{"start":{"line":79,"column":23},"end":{"line":90,"column":3}},"line":79},"8":{"name":"claim","decl":{"start":{"line":91,"column":14},"end":{"line":91,"column":19}},"loc":{"start":{"line":91,"column":27},"end":{"line":93,"column":3}},"line":91},"9":{"name":"mount","decl":{"start":{"line":94,"column":14},"end":{"line":94,"column":19}},"loc":{"start":{"line":94,"column":36},"end":{"line":101,"column":3}},"line":94},"10":{"name":"update","decl":{"start":{"line":102,"column":14},"end":{"line":102,"column":20}},"loc":{"start":{"line":102,"column":35},"end":{"line":126,"column":3}},"line":102},"11":{"name":"destroy","decl":{"start":{"line":129,"column":14},"end":{"line":129,"column":21}},"loc":{"start":{"line":129,"column":33},"end":{"line":132,"column":3}},"line":129},"12":{"name":"instance","decl":{"start":{"line":146,"column":9},"end":{"line":146,"column":17}},"loc":{"start":{"line":146,"column":49},"end":{"line":181,"column":1}},"line":146},"13":{"name":"(anonymous_13)","decl":{"start":{"line":149,"column":35},"end":{"line":149,"column":36}},"loc":{"start":{"line":149,"column":46},"end":{"line":149,"column":78}},"line":149},"14":{"name":"(anonymous_14)","decl":{"start":{"line":154,"column":25},"end":{"line":154,"column":26}},"loc":{"start":{"line":154,"column":37},"end":{"line":158,"column":2}},"line":154},"15":{"name":"(anonymous_15)","decl":{"start":{"line":162,"column":30},"end":{"line":162,"column":31}},"loc":{"start":{"line":162,"column":37},"end":{"line":164,"column":2}},"line":162},"16":{"name":"(anonymous_16)","decl":{"start":{"line":166,"column":16},"end":{"line":166,"column":17}},"loc":{"start":{"line":166,"column":27},"end":{"line":168,"column":2}},"line":166},"17":{"name":"(anonymous_17)","decl":{"start":{"line":170,"column":25},"end":{"line":170,"column":26}},"loc":{"start":{"line":170,"column":32},"end":{"line":170,"column":57}},"line":170},"18":{"name":"(anonymous_18)","decl":{"start":{"line":172,"column":24},"end":{"line":172,"column":25}},"loc":{"start":{"line":172,"column":35},"end":{"line":174,"column":2}},"line":172},"19":{"name":"(anonymous_19)","decl":{"start":{"line":184,"column":1},"end":{"line":184,"column":2}},"loc":{"start":{"line":184,"column":22},"end":{"line":194,"column":2}},"line":184},"20":{"name":"(anonymous_20)","decl":{"start":{"line":196,"column":1},"end":{"line":196,"column":2}},"loc":{"start":{"line":196,"column":16},"end":{"line":198,"column":2}},"line":196},"21":{"name":"(anonymous_21)","decl":{"start":{"line":200,"column":1},"end":{"line":200,"column":2}},"loc":{"start":{"line":200,"column":24},"end":{"line":203,"column":2}},"line":200}},"branchMap":{"0":{"loc":{"start":{"line":28,"column":75},"end":{"line":30,"column":7}},"type":"cond-expr","locations":[{"start":{"line":29,"column":5},"end":{"line":29,"column":19}},{"start":{"line":30,"column":5},"end":{"line":30,"column":7}}],"line":28},"1":{"loc":{"start":{"line":39,"column":3},"end":{"line":39,"column":118}},"type":"if","locations":[{"start":{"line":39,"column":3},"end":{"line":39,"column":118}},{"start":{},"end":{}}],"line":39},"2":{"loc":{"start":{"line":39,"column":7},"end":{"line":39,"column":91}},"type":"binary-expr","locations":[{"start":{"line":39,"column":7},"end":{"line":39,"column":29}},{"start":{"line":39,"column":33},"end":{"line":39,"column":91}}],"line":39},"3":{"loc":{"start":{"line":41,"column":3},"end":{"line":43,"column":4}},"type":"if","locations":[{"start":{"line":41,"column":3},"end":{"line":43,"column":4}},{"start":{},"end":{}}],"line":41},"4":{"loc":{"start":{"line":41,"column":7},"end":{"line":41,"column":102}},"type":"binary-expr","locations":[{"start":{"line":41,"column":7},"end":{"line":41,"column":29}},{"start":{"line":41,"column":33},"end":{"line":41,"column":102}}],"line":41},"5":{"loc":{"start":{"line":45,"column":3},"end":{"line":49,"column":4}},"type":"if","locations":[{"start":{"line":45,"column":3},"end":{"line":49,"column":4}},{"start":{},"end":{}}],"line":45},"6":{"loc":{"start":{"line":45,"column":7},"end":{"line":47,"column":9}},"type":"binary-expr","locations":[{"start":{"line":45,"column":7},"end":{"line":45,"column":36}},{"start":{"line":45,"column":40},"end":{"line":47,"column":9}}],"line":45},"7":{"loc":{"start":{"line":45,"column":110},"end":{"line":47,"column":7}},"type":"cond-expr","locations":[{"start":{"line":46,"column":5},"end":{"line":46,"column":19}},{"start":{"line":47,"column":5},"end":{"line":47,"column":7}}],"line":45},"8":{"loc":{"start":{"line":52,"column":3},"end":{"line":52,"column":32}},"type":"if","locations":[{"start":{"line":52,"column":3},"end":{"line":52,"column":32}},{"start":{},"end":{}}],"line":52},"9":{"loc":{"start":{"line":103,"column":3},"end":{"line":125,"column":4}},"type":"if","locations":[{"start":{"line":103,"column":3},"end":{"line":125,"column":4}},{"start":{},"end":{}}],"line":103},"10":{"loc":{"start":{"line":111,"column":5},"end":{"line":117,"column":6}},"type":"if","locations":[{"start":{"line":111,"column":5},"end":{"line":117,"column":6}},{"start":{"line":113,"column":12},"end":{"line":117,"column":6}}],"line":111},"11":{"loc":{"start":{"line":130,"column":3},"end":{"line":130,"column":37}},"type":"if","locations":[{"start":{"line":130,"column":3},"end":{"line":130,"column":37}},{"start":{},"end":{}}],"line":130},"12":{"loc":{"start":{"line":150,"column":16},"end":{"line":150,"column":26}},"type":"default-arg","locations":[{"start":{"line":150,"column":24},"end":{"line":150,"column":26}}],"line":150},"13":{"loc":{"start":{"line":155,"column":2},"end":{"line":157,"column":3}},"type":"if","locations":[{"start":{"line":155,"column":2},"end":{"line":157,"column":3}},{"start":{},"end":{}}],"line":155},"14":{"loc":{"start":{"line":155,"column":6},"end":{"line":155,"column":104}},"type":"binary-expr","locations":[{"start":{"line":155,"column":6},"end":{"line":155,"column":28}},{"start":{"line":155,"column":32},"end":{"line":155,"column":104}}],"line":155},"15":{"loc":{"start":{"line":155,"column":34},"end":{"line":155,"column":103}},"type":"binary-expr","locations":[{"start":{"line":155,"column":34},"end":{"line":155,"column":55}},{"start":{"line":155,"column":59},"end":{"line":155,"column":103}}],"line":155},"16":{"loc":{"start":{"line":163,"column":2},"end":{"line":163,"column":147}},"type":"if","locations":[{"start":{"line":163,"column":2},"end":{"line":163,"column":147}},{"start":{},"end":{}}],"line":163},"17":{"loc":{"start":{"line":163,"column":6},"end":{"line":163,"column":81}},"type":"binary-expr","locations":[{"start":{"line":163,"column":6},"end":{"line":163,"column":35}},{"start":{"line":163,"column":39},"end":{"line":163,"column":63}},{"start":{"line":163,"column":67},"end":{"line":163,"column":81}}],"line":163},"18":{"loc":{"start":{"line":167,"column":2},"end":{"line":167,"column":74}},"type":"if","locations":[{"start":{"line":167,"column":2},"end":{"line":167,"column":74}},{"start":{},"end":{}}],"line":167},"19":{"loc":{"start":{"line":173,"column":2},"end":{"line":173,"column":74}},"type":"if","locations":[{"start":{"line":173,"column":2},"end":{"line":173,"column":74}},{"start":{},"end":{}}],"line":173},"20":{"loc":{"start":{"line":176,"column":1},"end":{"line":178,"column":2}},"type":"if","locations":[{"start":{"line":176,"column":1},"end":{"line":178,"column":2}},{"start":{},"end":{}}],"line":176},"21":{"loc":{"start":{"line":176,"column":5},"end":{"line":176,"column":37}},"type":"binary-expr","locations":[{"start":{"line":176,"column":5},"end":{"line":176,"column":12}},{"start":{"line":176,"column":16},"end":{"line":176,"column":37}}],"line":176}},"s":{"0":1,"1":1,"2":1,"3":6,"4":6,"5":6,"6":6,"7":6,"8":6,"9":6,"10":6,"11":6,"12":6,"13":6,"14":6,"15":0,"16":0,"17":0,"18":0,"19":0,"20":0,"21":6,"22":6,"23":6,"24":6,"25":3,"26":3,"27":3,"28":3,"29":3,"30":6,"31":3,"32":3,"33":3,"34":3,"35":3,"36":6,"37":3,"38":3,"39":3,"40":0,"41":3,"42":3,"43":3,"44":3,"45":6,"46":0,"47":0,"48":0,"49":0,"50":0,"51":0,"52":0,"53":0,"54":0,"55":0,"56":0,"57":0,"58":0,"59":3,"60":3,"61":3,"62":3,"63":3,"64":3,"65":3,"66":3,"67":3,"68":3,"69":3,"70":3,"71":3,"72":0,"73":3,"74":3,"75":3,"76":0,"77":3,"78":0,"79":0,"80":3,"81":0,"82":3,"83":0,"84":0,"85":3,"86":0,"87":3,"88":3,"89":3,"90":3,"91":1,"92":0,"93":0,"94":1,"95":1},"f":{"0":6,"1":6,"2":6,"3":6,"4":0,"5":6,"6":3,"7":3,"8":0,"9":3,"10":0,"11":3,"12":3,"13":3,"14":3,"15":3,"16":0,"17":0,"18":0,"19":3,"20":1,"21":0},"b":{"0":[0,6],"1":[0,0],"2":[0,0],"3":[0,0],"4":[0,0],"5":[0,0],"6":[0,0],"7":[0,0],"8":[6,0],"9":[0,0],"10":[0,0],"11":[3,0],"12":[3],"13":[0,3],"14":[3,0],"15":[0,0],"16":[0,3],"17":[3,0,0],"18":[0,0],"19":[0,0],"20":[0,3],"21":[3,3]},"inputSourceMap":{"0":"{","1":"\"","2":"v","3":"e","4":"r","5":"s","6":"i","7":"o","8":"n","9":"\"","10":":","11":"3","12":",","13":"\"","14":"m","15":"a","16":"p","17":"p","18":"i","19":"n","20":"g","21":"s","22":"\"","23":":","24":"\"","25":";","26":";","27":";","28":";","29":"Q","30":"A","31":"C","32":"U","33":",","34":"I","35":"A","36":"A","37":"A","38":";","39":";","40":";","41":";","42":";","43":";","44":";","45":";","46":";","47":";","48":";","49":";","50":"w","51":"B","52":"C","53":"O","54":"2","55":"H","56":",","57":"G","58":"A","59":"A","60":"I","61":",","62":"I","63":"A","64":"A","65":"C","66":",","67":"W","68":"A","69":"A","70":"W","71":";","72":";","73":";","74":";","75":";","76":";","77":";","78":";","79":";","80":"q","81":"D","82":"A","83":"A","84":"v","85":"I","86":",","87":"G","88":"A","89":"A","90":"I","91":",","92":"I","93":"A","94":"A","95":"C","96":",","97":"W","98":"A","99":"A","100":"W","101":";","102":";","103":"2","104":"E","105":"A","106":"A","107":"g","108":"C","109":",","110":"G","111":"A","112":"A","113":"K","114":",","115":"I","116":"A","117":"A","118":"C","119":",","120":"G","121":"A","122":"A","123":"G","124":",","125":"C","126":"A","127":"A","128":"C","129":",","130":"Q","131":"A","132":"A","133":"Q","134":",","135":"I","136":"A","137":"A","138":"I","139":",","140":"G","141":"A","142":"A","143":"G","144":",","145":"Y","146":"A","147":"A","148":"G","149":",","150":"G","151":"A","152":"A","153":"I","154":",","155":"I","156":"A","157":"A","158":"C","159":",","160":"W","161":"A","162":"A","163":"W","164":";","165":"K","166":"A","167":"A","168":"K","169":",","170":"c","171":"A","172":"A","173":"c","174":";","175":"K","176":"A","177":"A","178":"E","179":",","180":"E","181":"A","182":"A","183":"E","184":";","185":";","186":";","187":";","188":";","189":"G","190":"A","191":"A","192":"9","193":"H","194":",","195":"U","196":"A","197":"A","198":"y","199":"J","200":";","201":";","202":";","203":";","204":"i","205":"E","206":"A","207":"A","208":"v","209":"B","210":",","211":"G","212":"A","213":"A","214":"I","215":",","216":"I","217":"A","218":"A","219":"C","220":",","221":"W","222":"A","223":"A","224":"W","225":";","226":";","227":"i","228":"F","229":"A","230":"A","231":"v","232":"I","233":",","234":"G","235":"A","236":"A","237":"I","238":",","239":"I","240":"A","241":"A","242":"C","243":",","244":"W","245":"A","246":"A","247":"W","248":";","249":";","250":";","251":";","252":"8","253":"G","254":"A","255":"A","256":"g","257":"C","258":",","259":"G","260":"A","261":"A","262":"K","263":",","264":"I","265":"A","266":"A","267":"C","268":",","269":"G","270":"A","271":"A","272":"G","273":",","274":"C","275":"A","276":"A","277":"C","278":",","279":"Q","280":"A","281":"A","282":"Q","283":",","284":"I","285":"A","286":"A","287":"I","288":",","289":"G","290":"A","291":"A","292":"G","293":",","294":"Y","295":"A","296":"A","297":"G","298":",","299":"G","300":"A","301":"A","302":"I","303":",","304":"I","305":"A","306":"A","307":"C","308":",","309":"W","310":"A","311":"A","312":"W","313":";","314":"K","315":"A","316":"A","317":"K","318":",","319":"c","320":"A","321":"A","322":"c","323":";","324":"K","325":"A","326":"A","327":"E","328":",","329":"E","330":"A","331":"A","332":"E","333":";","334":";","335":";","336":";","337":";","338":";","339":";","340":";","341":";","342":";","343":";","344":";","345":";","346":";","347":";","348":";","349":";","350":";","351":";","352":";","353":";","354":";","355":";","356":"+","357":"B","358":"A","359":"D","360":"x","361":"H","362":",","363":"G","364":"A","365":"A","366":"Q","367":";","368":";","369":";","370":";","371":"g","372":"C","373":"A","374":"A","375":"b","376":",","377":"M","378":"A","379":"A","380":"I","381":";","382":";","383":";","384":";","385":";","386":";","387":";","388":";","389":";","390":";","391":";","392":";","393":";","394":";","395":";","396":";","397":";","398":";","399":";","400":";","401":";","402":"G","403":"A","404":"F","405":"R","406":",","407":"U","408":"A","409":"M","410":"S","411":";","412":"G","413":"A","414":"L","415":"R","416":",","417":"U","418":"A","419":"I","420":"M","421":";","422":";","423":";","424":";","425":";","426":";","427":";","428":";","429":"8","430":"B","431":"A","432":"H","433":"E","434":",","435":"G","436":"A","437":"A","438":"Q","439":";","440":";","441":";","442":";","443":"+","444":"B","445":"A","446":"A","447":"b","448":",","449":"M","450":"A","451":"A","452":"I","453":";","454":";","455":";","456":";","457":";","458":";","459":";","460":";","461":";","462":";","463":";","464":";","465":";","466":";","467":";","468":";","469":"o","470":"C","471":"A","472":"A","473":"J","474":",","475":"M","476":"A","477":"A","478":"I","479":";","480":";","481":";","482":";","483":";","484":";","485":";","486":";","487":";","488":";","489":";","490":";","491":";","492":";","493":";","494":";","495":";","496":";","497":";","498":";","499":";","500":";","501":";","502":";","503":";","504":";","505":";","506":";","507":"O","508":"D","509":"L","510":"I","511":",","512":"Q","513":"A","514":"A","515":"A","516":";","517":";","518":";","519":";","520":";","521":";","522":";","523":";","524":";","525":";","526":";","527":";","528":";","529":";","530":";","531":";","532":";","533":";","534":";","535":";","536":";","537":";","538":";","539":";","540":";","541":";","542":";","543":";","544":";","545":";","546":";","547":";","548":";","549":";","550":";","551":";","552":";","553":";","554":";","555":";","556":";","557":";","558":";","559":";","560":";","561":";","562":";","563":";","564":";","565":";","566":";","567":";","568":";","569":";","570":"\"","571":",","572":"\"","573":"n","574":"a","575":"m","576":"e","577":"s","578":"\"","579":":","580":"[","581":"]","582":",","583":"\"","584":"s","585":"o","586":"u","587":"r","588":"c","589":"e","590":"s","591":"\"","592":":","593":"[","594":"\"","595":"c","596":":","597":"\\","598":"\\","599":"U","600":"s","601":"e","602":"r","603":"s","604":"\\","605":"\\","606":"n","607":"a","608":"o","609":"m","610":"i","611":"\\","612":"\\","613":"C","614":"S","615":"2","616":"6","617":"1","618":"\\","619":"\\","620":"s","621":"r","622":"c","623":"\\","624":"\\","625":"r","626":"o","627":"u","628":"t","629":"e","630":"s","631":"\\","632":"\\","633":"H","634":"e","635":"a","636":"d","637":"e","638":"r","639":".","640":"s","641":"v","642":"e","643":"l","644":"t","645":"e","646":"\"","647":",","648":"\"","649":"H","650":"e","651":"a","652":"d","653":"e","654":"r","655":".","656":"s","657":"v","658":"e","659":"l","660":"t","661":"e","662":"\"","663":"]","664":"}"},"_coverageSchema":"1a1c01bbd47fc00a2c39e90264f33305004495a9","hash":"9e54eb123d1e1b33cedb0077760d6de20490e649"}
,"C:\\Users\\naomi\\CS261\\src\\routes\\Input.svelte": {"path":"C:\\Users\\naomi\\CS261\\src\\routes\\Input.svelte","statementMap":{"0":{"start":{"line":4,"column":153},"end":{"line":4,"column":179}},"1":{"start":{"line":5,"column":13},"end":{"line":5,"column":27}},"2":{"start":{"line":10,"column":15},"end":{"line":48,"column":2}},"3":{"start":{"line":12,"column":3},"end":{"line":12,"column":28}},"4":{"start":{"line":13,"column":3},"end":{"line":13,"column":44}},"5":{"start":{"line":14,"column":3},"end":{"line":14,"column":42}},"6":{"start":{"line":15,"column":3},"end":{"line":15,"column":58}},"7":{"start":{"line":16,"column":3},"end":{"line":16,"column":44}},"8":{"start":{"line":17,"column":3},"end":{"line":17,"column":123}},"9":{"start":{"line":18,"column":3},"end":{"line":18,"column":39}},"10":{"start":{"line":21,"column":3},"end":{"line":21,"column":114}},"11":{"start":{"line":24,"column":3},"end":{"line":24,"column":37}},"12":{"start":{"line":27,"column":3},"end":{"line":29,"column":4}},"13":{"start":{"line":28,"column":4},"end":{"line":28,"column":45}},"14":{"start":{"line":31,"column":3},"end":{"line":33,"column":4}},"15":{"start":{"line":32,"column":4},"end":{"line":32,"column":43}},"16":{"start":{"line":35,"column":3},"end":{"line":37,"column":4}},"17":{"start":{"line":36,"column":4},"end":{"line":36,"column":59}},"18":{"start":{"line":39,"column":3},"end":{"line":41,"column":4}},"19":{"start":{"line":40,"column":4},"end":{"line":40,"column":45}},"20":{"start":{"line":46,"column":3},"end":{"line":46,"column":36}},"21":{"start":{"line":46,"column":18},"end":{"line":46,"column":36}},"22":{"start":{"line":50,"column":1},"end":{"line":56,"column":4}},"23":{"start":{"line":58,"column":1},"end":{"line":58,"column":14}},"24":{"start":{"line":62,"column":40},"end":{"line":62,"column":47}},"25":{"start":{"line":63,"column":1},"end":{"line":63,"column":36}},"26":{"start":{"line":64,"column":16},"end":{"line":64,"column":23}},"27":{"start":{"line":65,"column":23},"end":{"line":65,"column":30}},"28":{"start":{"line":66,"column":16},"end":{"line":66,"column":23}},"29":{"start":{"line":68,"column":1},"end":{"line":80,"column":4}},"30":{"start":{"line":69,"column":2},"end":{"line":71,"column":3}},"31":{"start":{"line":70,"column":3},"end":{"line":70,"column":68}},"32":{"start":{"line":73,"column":2},"end":{"line":75,"column":3}},"33":{"start":{"line":74,"column":3},"end":{"line":74,"column":75}},"34":{"start":{"line":77,"column":2},"end":{"line":79,"column":3}},"35":{"start":{"line":78,"column":3},"end":{"line":78,"column":68}},"36":{"start":{"line":82,"column":24},"end":{"line":82,"column":55}},"37":{"start":{"line":84,"column":1},"end":{"line":86,"column":4}},"38":{"start":{"line":85,"column":2},"end":{"line":85,"column":146}},"39":{"start":{"line":85,"column":83},"end":{"line":85,"column":146}},"40":{"start":{"line":88,"column":1},"end":{"line":92,"column":3}},"41":{"start":{"line":89,"column":2},"end":{"line":89,"column":62}},"42":{"start":{"line":89,"column":25},"end":{"line":89,"column":62}},"43":{"start":{"line":90,"column":2},"end":{"line":90,"column":83}},"44":{"start":{"line":90,"column":32},"end":{"line":90,"column":83}},"45":{"start":{"line":91,"column":2},"end":{"line":91,"column":62}},"46":{"start":{"line":91,"column":25},"end":{"line":91,"column":62}},"47":{"start":{"line":94,"column":1},"end":{"line":94,"column":61}},"48":{"start":{"line":94,"column":32},"end":{"line":94,"column":59}},"49":{"start":{"line":96,"column":1},"end":{"line":100,"column":3}},"50":{"start":{"line":97,"column":2},"end":{"line":97,"column":62}},"51":{"start":{"line":97,"column":25},"end":{"line":97,"column":62}},"52":{"start":{"line":98,"column":2},"end":{"line":98,"column":83}},"53":{"start":{"line":98,"column":32},"end":{"line":98,"column":83}},"54":{"start":{"line":99,"column":2},"end":{"line":99,"column":62}},"55":{"start":{"line":99,"column":25},"end":{"line":99,"column":62}},"56":{"start":{"line":102,"column":1},"end":{"line":104,"column":2}},"57":{"start":{"line":103,"column":2},"end":{"line":103,"column":41}},"58":{"start":{"line":106,"column":1},"end":{"line":106,"column":34}},"59":{"start":{"line":111,"column":2},"end":{"line":111,"column":17}},"60":{"start":{"line":112,"column":2},"end":{"line":112,"column":103}},"61":{"start":{"line":114,"column":2},"end":{"line":119,"column":5}},"62":{"start":{"line":123,"column":2},"end":{"line":123,"column":24}},"63":{"start":{"line":127,"column":2},"end":{"line":127,"column":23}},"64":{"start":{"line":128,"column":2},"end":{"line":128,"column":10}},"65":{"start":{"line":132,"column":2},"end":{"line":132,"column":24}},"66":{"start":{"line":136,"column":2},"end":{"line":136,"column":30}},"67":{"start":{"line":137,"column":2},"end":{"line":137,"column":10}},"68":{"start":{"line":141,"column":2},"end":{"line":141,"column":24}},"69":{"start":{"line":145,"column":2},"end":{"line":145,"column":23}},"70":{"start":{"line":146,"column":2},"end":{"line":146,"column":10}},"71":{"start":{"line":150,"column":0},"end":{"line":150,"column":24}},"72":{"start":{"line":150,"column":24},"end":{"line":150,"column":86}}},"fnMap":{"0":{"name":"create_fragment","decl":{"start":{"line":7,"column":9},"end":{"line":7,"column":24}},"loc":{"start":{"line":7,"column":30},"end":{"line":59,"column":1}},"line":7},"1":{"name":"create","decl":{"start":{"line":11,"column":14},"end":{"line":11,"column":20}},"loc":{"start":{"line":11,"column":23},"end":{"line":19,"column":3}},"line":11},"2":{"name":"claim","decl":{"start":{"line":20,"column":14},"end":{"line":20,"column":19}},"loc":{"start":{"line":20,"column":27},"end":{"line":22,"column":3}},"line":20},"3":{"name":"mount","decl":{"start":{"line":23,"column":14},"end":{"line":23,"column":19}},"loc":{"start":{"line":23,"column":36},"end":{"line":25,"column":3}},"line":23},"4":{"name":"update","decl":{"start":{"line":26,"column":14},"end":{"line":26,"column":20}},"loc":{"start":{"line":26,"column":35},"end":{"line":42,"column":3}},"line":26},"5":{"name":"destroy","decl":{"start":{"line":45,"column":14},"end":{"line":45,"column":21}},"loc":{"start":{"line":45,"column":33},"end":{"line":47,"column":3}},"line":45},"6":{"name":"instance","decl":{"start":{"line":61,"column":9},"end":{"line":61,"column":17}},"loc":{"start":{"line":61,"column":49},"end":{"line":107,"column":1}},"line":61},"7":{"name":"(anonymous_7)","decl":{"start":{"line":68,"column":25},"end":{"line":68,"column":26}},"loc":{"start":{"line":68,"column":37},"end":{"line":80,"column":2}},"line":68},"8":{"name":"(anonymous_8)","decl":{"start":{"line":84,"column":30},"end":{"line":84,"column":31}},"loc":{"start":{"line":84,"column":37},"end":{"line":86,"column":2}},"line":84},"9":{"name":"(anonymous_9)","decl":{"start":{"line":88,"column":16},"end":{"line":88,"column":17}},"loc":{"start":{"line":88,"column":27},"end":{"line":92,"column":2}},"line":88},"10":{"name":"(anonymous_10)","decl":{"start":{"line":94,"column":25},"end":{"line":94,"column":26}},"loc":{"start":{"line":94,"column":32},"end":{"line":94,"column":59}},"line":94},"11":{"name":"(anonymous_11)","decl":{"start":{"line":96,"column":24},"end":{"line":96,"column":25}},"loc":{"start":{"line":96,"column":35},"end":{"line":100,"column":2}},"line":96},"12":{"name":"(anonymous_12)","decl":{"start":{"line":110,"column":1},"end":{"line":110,"column":2}},"loc":{"start":{"line":110,"column":22},"end":{"line":120,"column":2}},"line":110},"13":{"name":"(anonymous_13)","decl":{"start":{"line":122,"column":1},"end":{"line":122,"column":2}},"loc":{"start":{"line":122,"column":12},"end":{"line":124,"column":2}},"line":122},"14":{"name":"(anonymous_14)","decl":{"start":{"line":126,"column":1},"end":{"line":126,"column":2}},"loc":{"start":{"line":126,"column":16},"end":{"line":129,"column":2}},"line":126},"15":{"name":"(anonymous_15)","decl":{"start":{"line":131,"column":1},"end":{"line":131,"column":2}},"loc":{"start":{"line":131,"column":19},"end":{"line":133,"column":2}},"line":131},"16":{"name":"(anonymous_16)","decl":{"start":{"line":135,"column":1},"end":{"line":135,"column":2}},"loc":{"start":{"line":135,"column":30},"end":{"line":138,"column":2}},"line":135},"17":{"name":"(anonymous_17)","decl":{"start":{"line":140,"column":1},"end":{"line":140,"column":2}},"loc":{"start":{"line":140,"column":12},"end":{"line":142,"column":2}},"line":140},"18":{"name":"(anonymous_18)","decl":{"start":{"line":144,"column":1},"end":{"line":144,"column":2}},"loc":{"start":{"line":144,"column":16},"end":{"line":147,"column":2}},"line":144}},"branchMap":{"0":{"loc":{"start":{"line":27,"column":3},"end":{"line":29,"column":4}},"type":"if","locations":[{"start":{"line":27,"column":3},"end":{"line":29,"column":4}},{"start":{},"end":{}}],"line":27},"1":{"loc":{"start":{"line":31,"column":3},"end":{"line":33,"column":4}},"type":"if","locations":[{"start":{"line":31,"column":3},"end":{"line":33,"column":4}},{"start":{},"end":{}}],"line":31},"2":{"loc":{"start":{"line":35,"column":3},"end":{"line":37,"column":4}},"type":"if","locations":[{"start":{"line":35,"column":3},"end":{"line":37,"column":4}},{"start":{},"end":{}}],"line":35},"3":{"loc":{"start":{"line":39,"column":3},"end":{"line":41,"column":4}},"type":"if","locations":[{"start":{"line":39,"column":3},"end":{"line":41,"column":4}},{"start":{},"end":{}}],"line":39},"4":{"loc":{"start":{"line":46,"column":3},"end":{"line":46,"column":36}},"type":"if","locations":[{"start":{"line":46,"column":3},"end":{"line":46,"column":36}},{"start":{},"end":{}}],"line":46},"5":{"loc":{"start":{"line":62,"column":16},"end":{"line":62,"column":26}},"type":"default-arg","locations":[{"start":{"line":62,"column":24},"end":{"line":62,"column":26}}],"line":62},"6":{"loc":{"start":{"line":69,"column":2},"end":{"line":71,"column":3}},"type":"if","locations":[{"start":{"line":69,"column":2},"end":{"line":71,"column":3}},{"start":{},"end":{}}],"line":69},"7":{"loc":{"start":{"line":69,"column":6},"end":{"line":69,"column":92}},"type":"binary-expr","locations":[{"start":{"line":69,"column":6},"end":{"line":69,"column":24}},{"start":{"line":69,"column":28},"end":{"line":69,"column":92}}],"line":69},"8":{"loc":{"start":{"line":69,"column":30},"end":{"line":69,"column":91}},"type":"binary-expr","locations":[{"start":{"line":69,"column":30},"end":{"line":69,"column":47}},{"start":{"line":69,"column":51},"end":{"line":69,"column":91}}],"line":69},"9":{"loc":{"start":{"line":73,"column":2},"end":{"line":75,"column":3}},"type":"if","locations":[{"start":{"line":73,"column":2},"end":{"line":75,"column":3}},{"start":{},"end":{}}],"line":73},"10":{"loc":{"start":{"line":73,"column":6},"end":{"line":73,"column":113}},"type":"binary-expr","locations":[{"start":{"line":73,"column":6},"end":{"line":73,"column":31}},{"start":{"line":73,"column":35},"end":{"line":73,"column":113}}],"line":73},"11":{"loc":{"start":{"line":73,"column":37},"end":{"line":73,"column":112}},"type":"binary-expr","locations":[{"start":{"line":73,"column":37},"end":{"line":73,"column":61}},{"start":{"line":73,"column":65},"end":{"line":73,"column":112}}],"line":73},"12":{"loc":{"start":{"line":77,"column":2},"end":{"line":79,"column":3}},"type":"if","locations":[{"start":{"line":77,"column":2},"end":{"line":79,"column":3}},{"start":{},"end":{}}],"line":77},"13":{"loc":{"start":{"line":77,"column":6},"end":{"line":77,"column":92}},"type":"binary-expr","locations":[{"start":{"line":77,"column":6},"end":{"line":77,"column":24}},{"start":{"line":77,"column":28},"end":{"line":77,"column":92}}],"line":77},"14":{"loc":{"start":{"line":77,"column":30},"end":{"line":77,"column":91}},"type":"binary-expr","locations":[{"start":{"line":77,"column":30},"end":{"line":77,"column":47}},{"start":{"line":77,"column":51},"end":{"line":77,"column":91}}],"line":77},"15":{"loc":{"start":{"line":85,"column":2},"end":{"line":85,"column":146}},"type":"if","locations":[{"start":{"line":85,"column":2},"end":{"line":85,"column":146}},{"start":{},"end":{}}],"line":85},"16":{"loc":{"start":{"line":85,"column":6},"end":{"line":85,"column":81}},"type":"binary-expr","locations":[{"start":{"line":85,"column":6},"end":{"line":85,"column":35}},{"start":{"line":85,"column":39},"end":{"line":85,"column":63}},{"start":{"line":85,"column":67},"end":{"line":85,"column":81}}],"line":85},"17":{"loc":{"start":{"line":89,"column":2},"end":{"line":89,"column":62}},"type":"if","locations":[{"start":{"line":89,"column":2},"end":{"line":89,"column":62}},{"start":{},"end":{}}],"line":89},"18":{"loc":{"start":{"line":90,"column":2},"end":{"line":90,"column":83}},"type":"if","locations":[{"start":{"line":90,"column":2},"end":{"line":90,"column":83}},{"start":{},"end":{}}],"line":90},"19":{"loc":{"start":{"line":91,"column":2},"end":{"line":91,"column":62}},"type":"if","locations":[{"start":{"line":91,"column":2},"end":{"line":91,"column":62}},{"start":{},"end":{}}],"line":91},"20":{"loc":{"start":{"line":97,"column":2},"end":{"line":97,"column":62}},"type":"if","locations":[{"start":{"line":97,"column":2},"end":{"line":97,"column":62}},{"start":{},"end":{}}],"line":97},"21":{"loc":{"start":{"line":98,"column":2},"end":{"line":98,"column":83}},"type":"if","locations":[{"start":{"line":98,"column":2},"end":{"line":98,"column":83}},{"start":{},"end":{}}],"line":98},"22":{"loc":{"start":{"line":99,"column":2},"end":{"line":99,"column":62}},"type":"if","locations":[{"start":{"line":99,"column":2},"end":{"line":99,"column":62}},{"start":{},"end":{}}],"line":99},"23":{"loc":{"start":{"line":102,"column":1},"end":{"line":104,"column":2}},"type":"if","locations":[{"start":{"line":102,"column":1},"end":{"line":104,"column":2}},{"start":{},"end":{}}],"line":102},"24":{"loc":{"start":{"line":102,"column":5},"end":{"line":102,"column":37}},"type":"binary-expr","locations":[{"start":{"line":102,"column":5},"end":{"line":102,"column":12}},{"start":{"line":102,"column":16},"end":{"line":102,"column":37}}],"line":102}},"s":{"0":1,"1":1,"2":6,"3":6,"4":6,"5":6,"6":6,"7":6,"8":6,"9":6,"10":0,"11":6,"12":0,"13":0,"14":0,"15":0,"16":0,"17":0,"18":0,"19":0,"20":6,"21":6,"22":6,"23":6,"24":6,"25":6,"26":6,"27":6,"28":6,"29":6,"30":6,"31":0,"32":6,"33":0,"34":6,"35":0,"36":6,"37":6,"38":18,"39":0,"40":6,"41":0,"42":0,"43":0,"44":0,"45":0,"46":0,"47":6,"48":0,"49":6,"50":0,"51":0,"52":0,"53":0,"54":0,"55":0,"56":6,"57":0,"58":6,"59":6,"60":6,"61":6,"62":1,"63":0,"64":0,"65":1,"66":0,"67":0,"68":1,"69":0,"70":0,"71":1,"72":1},"f":{"0":6,"1":6,"2":0,"3":6,"4":0,"5":6,"6":6,"7":6,"8":18,"9":0,"10":0,"11":0,"12":6,"13":1,"14":0,"15":1,"16":0,"17":1,"18":0},"b":{"0":[0,0],"1":[0,0],"2":[0,0],"3":[0,0],"4":[6,0],"5":[6],"6":[0,6],"7":[6,0],"8":[0,0],"9":[0,6],"10":[6,0],"11":[0,0],"12":[0,6],"13":[6,0],"14":[0,0],"15":[0,18],"16":[18,0,0],"17":[0,0],"18":[0,0],"19":[0,0],"20":[0,0],"21":[0,0],"22":[0,0],"23":[0,6],"24":[6,6]},"inputSourceMap":{"0":"{","1":"\"","2":"v","3":"e","4":"r","5":"s","6":"i","7":"o","8":"n","9":"\"","10":":","11":"3","12":",","13":"\"","14":"m","15":"a","16":"p","17":"p","18":"i","19":"n","20":"g","21":"s","22":"\"","23":":","24":"\"","25":";","26":";","27":";","28":";","29":";","30":";","31":";","32":";","33":";","34":";","35":";","36":";","37":"o","38":"C","39":"A","40":"M","41":"a","42":",","43":"G","44":"A","45":"A","46":"I","47":";","48":"k","49":"C","50":"A","51":"A","52":"O","53":",","54":"G","55":"A","56":"A","57":"I","58":";","59":"k","60":"D","61":"A","62":"A","63":"i","64":"B","65":",","66":"G","67":"A","68":"A","69":"W","70":";","71":"o","72":"C","73":"A","74":"A","75":"U","76":",","77":"G","78":"A","79":"A","80":"I","81":";","82":";","83":";","84":";","85":";","86":";","87":";","88":";","89":"G","90":"A","91":"A","92":"t","93":"E","94":",","95":"U","96":"A","97":"A","98":"g","99":"L","100":";","101":";","102":";","103":";","104":"q","105":"C","106":"A","107":"A","108":"n","109":"K","110":",","111":"G","112":"A","113":"A","114":"I","115":";","116":";","117":";","118":";","119":"m","120":"C","121":"A","122":"A","123":"O","124":",","125":"G","126":"A","127":"A","128":"I","129":";","130":";","131":";","132":";","133":"m","134":"D","135":"A","136":"A","137":"i","138":"B","139":",","140":"G","141":"A","142":"A","143":"W","144":";","145":";","146":";","147":";","148":"q","149":"C","150":"A","151":"A","152":"U","153":",","154":"G","155":"A","156":"A","157":"I","158":";","159":";","160":";","161":";","162":";","163":";","164":";","165":";","166":";","167":";","168":";","169":";","170":";","171":";","172":";","173":";","174":";","175":";","176":";","177":";","178":";","179":";","180":";","181":";","182":"O","183":"C","184":"L","185":"v","186":"D","187":",","188":"I","189":"A","190":"A","191":"A","192":";","193":"O","194":"A","195":"C","196":"A","197":",","198":"W","199":"A","200":"A","201":"A","202":";","203":"O","204":"A","205":"C","206":"A","207":",","208":"I","209":"A","210":"A","211":"A","212":";","213":";","214":";","215":";","216":";","217":";","218":";","219":";","220":";","221":";","222":";","223":";","224":";","225":";","226":";","227":";","228":";","229":";","230":";","231":";","232":";","233":";","234":";","235":";","236":";","237":";","238":";","239":";","240":";","241":";","242":";","243":";","244":";","245":";","246":";","247":";","248":";","249":";","250":";","251":";","252":";","253":";","254":";","255":";","256":";","257":";","258":";","259":";","260":";","261":";","262":";","263":";","264":";","265":";","266":";","267":";","268":";","269":";","270":";","271":";","272":";","273":";","274":";","275":";","276":";","277":";","278":";","279":";","280":";","281":";","282":";","283":";","284":";","285":";","286":";","287":";","288":";","289":";","290":";","291":";","292":";","293":";","294":";","295":";","296":"\"","297":",","298":"\"","299":"n","300":"a","301":"m","302":"e","303":"s","304":"\"","305":":","306":"[","307":"]","308":",","309":"\"","310":"s","311":"o","312":"u","313":"r","314":"c","315":"e","316":"s","317":"\"","318":":","319":"[","320":"\"","321":"I","322":"n","323":"p","324":"u","325":"t","326":".","327":"s","328":"v","329":"e","330":"l","331":"t","332":"e","333":"\"","334":",","335":"\"","336":"c","337":":","338":"\\","339":"\\","340":"U","341":"s","342":"e","343":"r","344":"s","345":"\\","346":"\\","347":"n","348":"a","349":"o","350":"m","351":"i","352":"\\","353":"\\","354":"C","355":"S","356":"2","357":"6","358":"1","359":"\\","360":"\\","361":"s","362":"r","363":"c","364":"\\","365":"\\","366":"r","367":"o","368":"u","369":"t","370":"e","371":"s","372":"\\","373":"\\","374":"I","375":"n","376":"p","377":"u","378":"t","379":".","380":"s","381":"v","382":"e","383":"l","384":"t","385":"e","386":"\"","387":"]","388":"}"},"_coverageSchema":"1a1c01bbd47fc00a2c39e90264f33305004495a9","hash":"5ed86d7bb1b53c09dbcb922f223fcb31422e2ff6"}
}
