TN:
SF:jest\stubs\CSSstub.js
FNF:0
FNH:0
DA:1,2
LF:1
LH:1
BRF:0
BRH:0
end_of_record
TN:
SF:jest\stubs\stores.js
FNF:0
FNH:0
DA:3,2
LF:1
LH:1
BRF:0
BRH:0
end_of_record
TN:
SF:src\routes\Button.svelte
FN:7,add_css
FN:11,create_fragment
FN:20,create
FN:26,claim
FN:29,mount
FN:42,(anonymous_5)
FN:53,update
FN:71,intro
FN:76,outro
FN:80,destroy
FN:99,instance
FN:103,(anonymous_11)
FN:109,(anonymous_12)
FN:113,(anonymous_13)
FN:118,(anonymous_14)
FN:120,(anonymous_15)
FN:132,(anonymous_16)
FN:144,(anonymous_17)
FN:148,(anonymous_18)
FNF:19
FNH:10
FNDA:16,add_css
FNDA:16,create_fragment
FNDA:16,create
FNDA:0,claim
FNDA:16,mount
FNDA:13,(anonymous_5)
FNDA:0,update
FNDA:0,intro
FNDA:0,outro
FNDA:16,destroy
FNDA:16,instance
FNDA:0,(anonymous_11)
FNDA:39,(anonymous_12)
FNDA:0,(anonymous_13)
FNDA:0,(anonymous_14)
FNDA:0,(anonymous_15)
FNDA:16,(anonymous_16)
FNDA:1,(anonymous_17)
FNDA:0,(anonymous_18)
DA:4,2
DA:5,2
DA:8,16
DA:16,16
DA:17,16
DA:19,16
DA:21,16
DA:22,16
DA:23,16
DA:24,16
DA:27,0
DA:30,16
DA:32,16
DA:33,13
DA:36,16
DA:38,16
DA:39,16
DA:43,13
DA:50,16
DA:54,0
DA:56,0
DA:57,0
DA:58,0
DA:72,0
DA:73,0
DA:74,0
DA:77,0
DA:78,0
DA:81,16
DA:82,16
DA:83,16
DA:84,16
DA:88,16
DA:96,16
DA:100,16
DA:101,16
DA:105,16
DA:107,16
DA:109,16
DA:110,39
DA:113,16
DA:114,0
DA:115,0
DA:118,16
DA:120,16
DA:121,0
DA:124,16
DA:125,0
DA:128,16
DA:133,16
DA:134,16
DA:136,16
DA:145,1
DA:149,0
DA:150,0
DA:154,2
LF:56
LH:40
BRDA:22,0,0,13
BRDA:22,0,1,3
BRDA:32,1,0,13
BRDA:32,1,1,3
BRDA:38,2,0,16
BRDA:38,2,1,0
BRDA:43,3,0,13
BRDA:43,3,1,0
BRDA:56,4,0,0
BRDA:56,4,1,0
BRDA:57,5,0,0
BRDA:57,5,1,0
BRDA:57,6,0,0
BRDA:57,6,1,0
BRDA:57,6,2,0
BRDA:63,7,0,0
BRDA:63,7,1,0
BRDA:72,8,0,0
BRDA:72,8,1,0
BRDA:81,9,0,4
BRDA:81,9,1,12
BRDA:82,10,0,13
BRDA:82,10,1,3
BRDA:100,11,0,3
BRDA:103,12,0,3
BRDA:110,13,0,0
BRDA:110,13,1,39
BRDA:110,14,0,39
BRDA:110,14,1,26
BRDA:110,14,2,0
BRDA:114,15,0,0
BRDA:114,15,1,0
BRDA:115,16,0,0
BRDA:115,16,1,0
BRDA:121,17,0,0
BRDA:121,17,1,0
BRDA:124,18,0,0
BRDA:124,18,1,16
BRDA:124,19,0,16
BRDA:124,19,1,16
BRF:40
BRH:18
end_of_record
TN:
SF:src\routes\Header.svelte
FN:8,get_each_context
FN:15,create_each_block
FN:23,create
FN:34,mount
FN:38,update
FN:51,destroy
FN:67,create_fragment
FN:79,create
FN:91,claim
FN:94,mount
FN:102,update
FN:129,destroy
FN:146,instance
FN:149,(anonymous_13)
FN:154,(anonymous_14)
FN:162,(anonymous_15)
FN:166,(anonymous_16)
FN:170,(anonymous_17)
FN:172,(anonymous_18)
FN:184,(anonymous_19)
FN:196,(anonymous_20)
FN:200,(anonymous_21)
FNF:22
FNH:15
FNDA:6,get_each_context
FNDA:6,create_each_block
FNDA:6,create
FNDA:6,mount
FNDA:0,update
FNDA:6,destroy
FNDA:3,create_fragment
FNDA:3,create
FNDA:0,claim
FNDA:3,mount
FNDA:0,update
FNDA:3,destroy
FNDA:3,instance
FNDA:3,(anonymous_13)
FNDA:3,(anonymous_14)
FNDA:3,(anonymous_15)
FNDA:0,(anonymous_16)
FNDA:0,(anonymous_17)
FNDA:0,(anonymous_18)
FNDA:3,(anonymous_19)
FNDA:1,(anonymous_20)
FNDA:0,(anonymous_21)
DA:4,1
DA:5,1
DA:6,1
DA:9,6
DA:10,6
DA:11,6
DA:17,6
DA:22,6
DA:24,6
DA:25,6
DA:26,6
DA:28,6
DA:32,6
DA:35,6
DA:36,6
DA:39,0
DA:41,0
DA:42,0
DA:45,0
DA:48,0
DA:52,6
DA:56,6
DA:64,6
DA:70,3
DA:71,3
DA:72,3
DA:74,3
DA:75,6
DA:78,3
DA:80,3
DA:81,3
DA:83,3
DA:84,6
DA:87,3
DA:88,3
DA:89,3
DA:92,0
DA:95,3
DA:96,3
DA:98,3
DA:99,6
DA:103,0
DA:104,0
DA:105,0
DA:108,0
DA:109,0
DA:111,0
DA:112,0
DA:114,0
DA:115,0
DA:116,0
DA:120,0
DA:121,0
DA:124,0
DA:130,3
DA:131,3
DA:135,3
DA:143,3
DA:148,3
DA:149,3
DA:150,3
DA:151,3
DA:152,3
DA:154,3
DA:155,3
DA:156,0
DA:160,3
DA:162,3
DA:163,3
DA:166,3
DA:167,0
DA:170,3
DA:172,3
DA:173,0
DA:176,3
DA:177,0
DA:180,3
DA:185,3
DA:186,3
DA:188,3
DA:197,1
DA:201,0
DA:202,0
DA:206,1
LF:84
LH:59
BRDA:28,0,0,0
BRDA:28,0,1,6
BRDA:39,1,0,0
BRDA:39,1,1,0
BRDA:39,2,0,0
BRDA:39,2,1,0
BRDA:41,3,0,0
BRDA:41,3,1,0
BRDA:41,4,0,0
BRDA:41,4,1,0
BRDA:45,5,0,0
BRDA:45,5,1,0
BRDA:45,6,0,0
BRDA:45,6,1,0
BRDA:45,7,0,0
BRDA:45,7,1,0
BRDA:52,8,0,6
BRDA:52,8,1,0
BRDA:103,9,0,0
BRDA:103,9,1,0
BRDA:111,10,0,0
BRDA:111,10,1,0
BRDA:130,11,0,3
BRDA:130,11,1,0
BRDA:150,12,0,3
BRDA:155,13,0,0
BRDA:155,13,1,3
BRDA:155,14,0,3
BRDA:155,14,1,0
BRDA:155,15,0,0
BRDA:155,15,1,0
BRDA:163,16,0,0
BRDA:163,16,1,3
BRDA:163,17,0,3
BRDA:163,17,1,0
BRDA:163,17,2,0
BRDA:167,18,0,0
BRDA:167,18,1,0
BRDA:173,19,0,0
BRDA:173,19,1,0
BRDA:176,20,0,0
BRDA:176,20,1,3
BRDA:176,21,0,3
BRDA:176,21,1,3
BRF:44
BRH:11
end_of_record
TN:
SF:src\routes\Input.svelte
FN:7,create_fragment
FN:11,create
FN:20,claim
FN:23,mount
FN:26,update
FN:45,destroy
FN:61,instance
FN:68,(anonymous_7)
FN:84,(anonymous_8)
FN:88,(anonymous_9)
FN:94,(anonymous_10)
FN:96,(anonymous_11)
FN:110,(anonymous_12)
FN:122,(anonymous_13)
FN:126,(anonymous_14)
FN:131,(anonymous_15)
FN:135,(anonymous_16)
FN:140,(anonymous_17)
FN:144,(anonymous_18)
FNF:19
FNH:11
FNDA:6,create_fragment
FNDA:6,create
FNDA:0,claim
FNDA:6,mount
FNDA:0,update
FNDA:6,destroy
FNDA:6,instance
FNDA:6,(anonymous_7)
FNDA:18,(anonymous_8)
FNDA:0,(anonymous_9)
FNDA:0,(anonymous_10)
FNDA:0,(anonymous_11)
FNDA:6,(anonymous_12)
FNDA:1,(anonymous_13)
FNDA:0,(anonymous_14)
FNDA:1,(anonymous_15)
FNDA:0,(anonymous_16)
FNDA:1,(anonymous_17)
FNDA:0,(anonymous_18)
DA:4,1
DA:5,1
DA:10,6
DA:12,6
DA:13,6
DA:14,6
DA:15,6
DA:16,6
DA:17,6
DA:18,6
DA:21,0
DA:24,6
DA:27,0
DA:28,0
DA:31,0
DA:32,0
DA:35,0
DA:36,0
DA:39,0
DA:40,0
DA:46,6
DA:50,6
DA:58,6
DA:62,6
DA:63,6
DA:64,6
DA:65,6
DA:66,6
DA:68,6
DA:69,6
DA:70,0
DA:73,6
DA:74,0
DA:77,6
DA:78,0
DA:82,6
DA:84,6
DA:85,18
DA:88,6
DA:89,0
DA:90,0
DA:91,0
DA:94,6
DA:96,6
DA:97,0
DA:98,0
DA:99,0
DA:102,6
DA:103,0
DA:106,6
DA:111,6
DA:112,6
DA:114,6
DA:123,1
DA:127,0
DA:128,0
DA:132,1
DA:136,0
DA:137,0
DA:141,1
DA:145,0
DA:146,0
DA:150,1
LF:63
LH:38
BRDA:27,0,0,0
BRDA:27,0,1,0
BRDA:31,1,0,0
BRDA:31,1,1,0
BRDA:35,2,0,0
BRDA:35,2,1,0
BRDA:39,3,0,0
BRDA:39,3,1,0
BRDA:46,4,0,6
BRDA:46,4,1,0
BRDA:62,5,0,6
BRDA:69,6,0,0
BRDA:69,6,1,6
BRDA:69,7,0,6
BRDA:69,7,1,0
BRDA:69,8,0,0
BRDA:69,8,1,0
BRDA:73,9,0,0
BRDA:73,9,1,6
BRDA:73,10,0,6
BRDA:73,10,1,0
BRDA:73,11,0,0
BRDA:73,11,1,0
BRDA:77,12,0,0
BRDA:77,12,1,6
BRDA:77,13,0,6
BRDA:77,13,1,0
BRDA:77,14,0,0
BRDA:77,14,1,0
BRDA:85,15,0,0
BRDA:85,15,1,18
BRDA:85,16,0,18
BRDA:85,16,1,0
BRDA:85,16,2,0
BRDA:89,17,0,0
BRDA:89,17,1,0
BRDA:90,18,0,0
BRDA:90,18,1,0
BRDA:91,19,0,0
BRDA:91,19,1,0
BRDA:97,20,0,0
BRDA:97,20,1,0
BRDA:98,21,0,0
BRDA:98,21,1,0
BRDA:99,22,0,0
BRDA:99,22,1,0
BRDA:102,23,0,0
BRDA:102,23,1,6
BRDA:102,24,0,6
BRDA:102,24,1,6
BRF:50
BRH:13
end_of_record
TN:
SF:src\routes\add\components\FeedbackForm.svelte
FN:10,add_css
FN:14,get_each_context
FN:21,create_else_block
FN:27,create
FN:34,mount
FN:43,update
FN:48,destroy
FN:67,create_if_block_3
FN:73,create
FN:80,mount
FN:89,update
FN:94,destroy
FN:113,create_if_block_2
FN:119,create
FN:128,mount
FN:137,update
FN:142,destroy
FN:161,create_if_block_1
FN:167,create
FN:173,mount
FN:182,update
FN:187,destroy
FN:206,create_if_block
FN:219,create
FN:227,(anonymous_24)
FN:230,mount
FN:244,update
FN:273,destroy
FN:293,create_each_block
FN:300,create
FN:307,mount
FN:312,destroy
FN:329,create_default_slot_2
FN:333,create
FN:336,mount
FN:339,destroy
FN:356,create_default_slot_1
FN:360,create
FN:363,mount
FN:366,destroy
FN:383,create_default_slot
FN:403,select_block_type
FN:433,create
FN:459,mount
FN:482,update
FN:512,intro
FN:518,outro
FN:523,destroy
FN:548,create_fragment
FN:562,create
FN:569,claim
FN:572,mount
FN:577,update
FN:586,intro
FN:591,outro
FN:595,destroy
FN:612,instance
FN:652,(anonymous_57)
FN:674,handleReset
FN:680,(anonymous_59)
FN:684,select_change_handler
FN:690,input_input_handler
FN:696,input_input_handler_1
FN:702,input_input_handler_2
FN:708,input_input_handler_3
FN:714,(anonymous_65)
FN:726,(anonymous_66)
FN:754,(anonymous_67)
FNF:68
FNH:53
FNDA:6,add_css
FNDA:15,get_each_context
FNDA:7,create_else_block
FNDA:7,create
FNDA:7,mount
FNDA:5,update
FNDA:7,destroy
FNDA:1,create_if_block_3
FNDA:1,create
FNDA:1,mount
FNDA:0,update
FNDA:1,destroy
FNDA:1,create_if_block_2
FNDA:1,create
FNDA:1,mount
FNDA:3,update
FNDA:1,destroy
FNDA:1,create_if_block_1
FNDA:1,create
FNDA:1,mount
FNDA:1,update
FNDA:1,destroy
FNDA:1,create_if_block
FNDA:1,create
FNDA:0,(anonymous_24)
FNDA:1,mount
FNDA:0,update
FNDA:1,destroy
FNDA:15,create_each_block
FNDA:15,create
FNDA:15,mount
FNDA:15,destroy
FNDA:6,create_default_slot_2
FNDA:6,create
FNDA:6,mount
FNDA:6,destroy
FNDA:6,create_default_slot_1
FNDA:6,create
FNDA:6,mount
FNDA:6,destroy
FNDA:6,create_default_slot
FNDA:20,select_block_type
FNDA:6,create
FNDA:6,mount
FNDA:14,update
FNDA:0,intro
FNDA:0,outro
FNDA:6,destroy
FNDA:6,create_fragment
FNDA:6,create
FNDA:0,claim
FNDA:6,mount
FNDA:14,update
FNDA:0,intro
FNDA:0,outro
FNDA:6,destroy
FNDA:6,instance
FNDA:11,(anonymous_57)
FNDA:7,handleReset
FNDA:0,(anonymous_59)
FNDA:0,select_change_handler
FNDA:0,input_input_handler
FNDA:2,input_input_handler_1
FNDA:0,input_input_handler_2
FNDA:0,input_input_handler_3
FNDA:0,(anonymous_65)
FNDA:0,(anonymous_66)
FNDA:6,(anonymous_67)
DA:4,1
DA:5,1
DA:6,1
DA:7,1
DA:8,1
DA:11,6
DA:15,15
DA:16,15
DA:17,15
DA:26,7
DA:28,7
DA:29,7
DA:30,7
DA:31,7
DA:32,7
DA:35,7
DA:36,7
DA:38,7
DA:39,7
DA:40,7
DA:44,5
DA:45,0
DA:49,7
DA:50,7
DA:51,7
DA:55,7
DA:63,7
DA:72,1
DA:74,1
DA:75,1
DA:76,1
DA:77,1
DA:78,1
DA:81,1
DA:82,1
DA:84,1
DA:85,1
DA:86,1
DA:90,0
DA:91,0
DA:95,1
DA:96,1
DA:97,1
DA:101,1
DA:109,1
DA:118,1
DA:120,1
DA:121,1
DA:122,1
DA:123,1
DA:124,1
DA:125,1
DA:126,1
DA:129,1
DA:130,1
DA:132,1
DA:133,1
DA:134,1
DA:138,3
DA:139,1
DA:143,1
DA:144,1
DA:145,1
DA:149,1
DA:157,1
DA:166,1
DA:168,1
DA:169,1
DA:170,1
DA:171,1
DA:174,1
DA:175,1
DA:177,1
DA:178,1
DA:179,1
DA:183,1
DA:184,0
DA:188,1
DA:189,1
DA:190,1
DA:194,1
DA:202,1
DA:210,1
DA:211,1
DA:212,1
DA:214,1
DA:215,15
DA:218,1
DA:220,1
DA:222,1
DA:223,15
DA:226,1
DA:227,1
DA:228,1
DA:231,1
DA:233,1
DA:234,15
DA:237,1
DA:239,1
DA:240,1
DA:241,1
DA:245,0
DA:246,0
DA:247,0
DA:250,0
DA:251,0
DA:253,0
DA:254,0
DA:256,0
DA:257,0
DA:258,0
DA:262,0
DA:263,0
DA:266,0
DA:269,0
DA:270,0
DA:274,1
DA:275,1
DA:276,1
DA:277,1
DA:281,1
DA:289,1
DA:295,15
DA:299,15
DA:301,15
DA:302,15
DA:303,15
DA:304,15
DA:305,15
DA:308,15
DA:309,15
DA:313,15
DA:317,15
DA:325,15
DA:332,6
DA:334,6
DA:337,6
DA:340,6
DA:344,6
DA:352,6
DA:359,6
DA:361,6
DA:364,6
DA:367,6
DA:371,6
DA:379,6
DA:388,6
DA:404,20
DA:405,19
DA:406,17
DA:407,13
DA:408,12
DA:411,6
DA:412,6
DA:414,6
DA:423,6
DA:432,6
DA:434,6
DA:435,6
DA:436,6
DA:437,6
DA:438,6
DA:439,6
DA:440,6
DA:441,6
DA:442,6
DA:443,6
DA:444,6
DA:445,6
DA:446,6
DA:447,6
DA:448,6
DA:449,6
DA:450,6
DA:451,6
DA:452,6
DA:453,6
DA:454,6
DA:455,6
DA:456,6
DA:457,6
DA:460,6
DA:461,6
DA:462,6
DA:463,6
DA:464,6
DA:465,6
DA:466,6
DA:467,6
DA:468,6
DA:469,6
DA:470,6
DA:471,6
DA:472,6
DA:473,6
DA:474,6
DA:475,6
DA:477,6
DA:478,6
DA:479,6
DA:483,14
DA:485,14
DA:486,9
DA:488,5
DA:489,5
DA:491,5
DA:492,5
DA:493,5
DA:497,14
DA:499,14
DA:500,0
DA:503,14
DA:504,14
DA:506,14
DA:507,0
DA:510,14
DA:513,0
DA:514,0
DA:515,0
DA:516,0
DA:519,0
DA:520,0
DA:521,0
DA:524,6
DA:525,6
DA:526,6
DA:527,6
DA:528,6
DA:529,6
DA:530,6
DA:531,6
DA:532,6
DA:533,6
DA:537,6
DA:545,6
DA:553,6
DA:561,6
DA:563,6
DA:564,6
DA:565,6
DA:566,6
DA:567,6
DA:570,0
DA:573,6
DA:574,6
DA:575,6
DA:578,14
DA:580,14
DA:581,14
DA:584,14
DA:587,0
DA:588,0
DA:589,0
DA:592,0
DA:593,0
DA:596,6
DA:597,6
DA:601,6
DA:609,6
DA:613,6
DA:614,6
DA:615,6
DA:616,6
DA:618,6
DA:631,6
DA:649,6
DA:650,6
DA:652,6
DA:653,11
DA:654,11
DA:655,11
DA:657,11
DA:658,0
DA:664,0
DA:666,0
DA:667,0
DA:670,0
DA:675,7
DA:678,6
DA:680,6
DA:681,0
DA:685,0
DA:686,0
DA:687,0
DA:691,0
DA:692,0
DA:693,0
DA:697,2
DA:698,2
DA:699,2
DA:703,0
DA:704,0
DA:705,0
DA:709,0
DA:710,0
DA:711,0
DA:714,6
DA:726,6
DA:727,0
DA:728,0
DA:729,0
DA:730,0
DA:731,0
DA:734,6
DA:735,0
DA:738,6
DA:755,6
DA:756,6
DA:758,6
DA:767,1
LF:310
LH:252
BRDA:38,0,0,7
BRDA:38,0,1,0
BRDA:44,1,0,0
BRDA:44,1,1,5
BRDA:44,2,0,5
BRDA:44,2,1,0
BRDA:49,3,0,2
BRDA:49,3,1,5
BRDA:84,4,0,1
BRDA:84,4,1,0
BRDA:90,5,0,0
BRDA:90,5,1,0
BRDA:95,6,0,1
BRDA:95,6,1,0
BRDA:132,7,0,1
BRDA:132,7,1,0
BRDA:138,8,0,1
BRDA:138,8,1,2
BRDA:138,9,0,3
BRDA:138,9,1,3
BRDA:143,10,0,1
BRDA:143,10,1,0
BRDA:177,11,0,1
BRDA:177,11,1,0
BRDA:183,12,0,0
BRDA:183,12,1,1
BRDA:188,13,0,0
BRDA:188,13,1,1
BRDA:227,14,0,0
BRDA:227,14,1,1
BRDA:239,15,0,1
BRDA:239,15,1,0
BRDA:245,16,0,0
BRDA:245,16,1,0
BRDA:253,17,0,0
BRDA:253,17,1,0
BRDA:269,18,0,0
BRDA:269,18,1,0
BRDA:274,19,0,1
BRDA:274,19,1,0
BRDA:313,20,0,15
BRDA:313,20,1,0
BRDA:340,21,0,0
BRDA:340,21,1,6
BRDA:367,22,0,0
BRDA:367,22,1,6
BRDA:404,23,0,1
BRDA:404,23,1,19
BRDA:405,24,0,2
BRDA:405,24,1,17
BRDA:405,25,0,19
BRDA:405,25,1,18
BRDA:406,26,0,4
BRDA:406,26,1,13
BRDA:406,27,0,17
BRDA:406,27,1,15
BRDA:407,28,0,1
BRDA:407,28,1,12
BRDA:477,29,0,6
BRDA:477,29,1,0
BRDA:483,30,0,12
BRDA:483,30,1,2
BRDA:483,31,0,14
BRDA:483,31,1,14
BRDA:483,31,2,12
BRDA:485,32,0,9
BRDA:485,32,1,5
BRDA:485,33,0,14
BRDA:485,33,1,9
BRDA:491,34,0,5
BRDA:491,34,1,0
BRDA:499,35,0,0
BRDA:499,35,1,14
BRDA:506,36,0,0
BRDA:506,36,1,14
BRDA:513,37,0,0
BRDA:513,37,1,0
BRDA:524,38,0,0
BRDA:524,38,1,6
BRDA:525,39,0,0
BRDA:525,39,1,6
BRDA:526,40,0,0
BRDA:526,40,1,6
BRDA:527,41,0,0
BRDA:527,41,1,6
BRDA:528,42,0,0
BRDA:528,42,1,6
BRDA:580,43,0,14
BRDA:580,43,1,0
BRDA:587,44,0,0
BRDA:587,44,1,0
BRDA:596,45,0,6
BRDA:596,45,1,0
BRDA:613,46,0,6
BRDA:657,47,0,0
BRDA:657,47,1,11
BRDA:666,48,0,0
BRDA:666,48,1,0
BRDA:681,49,0,0
BRDA:681,49,1,0
BRDA:681,50,0,0
BRDA:681,50,1,0
BRDA:681,50,2,0
BRDA:727,51,0,0
BRDA:727,51,1,0
BRDA:728,52,0,0
BRDA:728,52,1,0
BRDA:729,53,0,0
BRDA:729,53,1,0
BRDA:730,54,0,0
BRDA:730,54,1,0
BRDA:731,55,0,0
BRDA:731,55,1,0
BRDA:734,56,0,0
BRDA:734,56,1,6
BRDA:734,57,0,6
BRDA:734,57,1,6
BRF:117
BRH:59
end_of_record
TN:
SF:src\routes\add\components\Tile.svelte
FN:8,add_css
FN:12,create_fragment
FN:19,create
FN:25,claim
FN:28,mount
FN:37,update
FN:53,intro
FN:58,outro
FN:62,destroy
FN:79,instance
FN:84,(anonymous_10)
FN:88,(anonymous_11)
FN:96,(anonymous_12)
FNF:13
FNH:10
FNDA:8,add_css
FNDA:8,create_fragment
FNDA:8,create
FNDA:0,claim
FNDA:8,mount
FNDA:14,update
FNDA:0,intro
FNDA:0,outro
FNDA:8,destroy
FNDA:8,instance
FNDA:16,(anonymous_10)
FNDA:14,(anonymous_11)
FNDA:8,(anonymous_12)
DA:4,2
DA:5,2
DA:6,2
DA:9,8
DA:15,8
DA:16,8
DA:18,8
DA:20,8
DA:21,8
DA:22,8
DA:23,8
DA:26,0
DA:29,8
DA:31,8
DA:32,8
DA:35,8
DA:38,14
DA:39,14
DA:40,14
DA:54,0
DA:55,0
DA:56,0
DA:59,0
DA:60,0
DA:63,8
DA:64,8
DA:68,8
DA:76,8
DA:80,8
DA:81,8
DA:82,8
DA:84,8
DA:85,16
DA:88,8
DA:89,14
DA:92,8
DA:97,8
DA:98,8
DA:100,8
DA:109,2
LF:40
LH:34
BRDA:21,0,0,8
BRDA:21,0,1,0
BRDA:31,1,0,8
BRDA:31,1,1,0
BRDA:38,2,0,14
BRDA:38,2,1,0
BRDA:39,3,0,14
BRDA:39,3,1,0
BRDA:39,4,0,14
BRDA:39,4,1,14
BRDA:39,4,2,14
BRDA:45,5,0,0
BRDA:45,5,1,14
BRDA:54,6,0,0
BRDA:54,6,1,0
BRDA:63,7,0,2
BRDA:63,7,1,6
BRDA:64,8,0,8
BRDA:64,8,1,0
BRDA:80,9,0,0
BRDA:85,10,0,0
BRDA:85,10,1,16
BRDA:85,11,0,16
BRDA:85,11,1,16
BRDA:85,11,2,0
BRDA:89,12,0,14
BRDA:89,12,1,0
BRF:27
BRH:15
end_of_record
