TN:
SF:jest\stubs\stores.js
FNF:0
FNH:0
DA:3,2
LF:1
LH:1
BRF:0
BRH:0
end_of_record
TN:
SF:src\routes\Button.svelte
FN:7,create_fragment
FN:16,create
FN:22,claim
FN:25,mount
FN:38,(anonymous_4)
FN:49,update
FN:67,intro
FN:72,outro
FN:76,destroy
FN:95,instance
FN:99,(anonymous_10)
FN:105,(anonymous_11)
FN:109,(anonymous_12)
FN:114,(anonymous_13)
FN:116,(anonymous_14)
FN:128,(anonymous_15)
FN:140,(anonymous_16)
FN:144,(anonymous_17)
FNF:18
FNH:9
FNDA:4,create_fragment
FNDA:4,create
FNDA:0,claim
FNDA:4,mount
FNDA:1,(anonymous_4)
FNDA:0,update
FNDA:0,intro
FNDA:0,outro
FNDA:4,destroy
FNDA:4,instance
FNDA:0,(anonymous_10)
FNDA:3,(anonymous_11)
FNDA:0,(anonymous_12)
FNDA:0,(anonymous_13)
FNDA:0,(anonymous_14)
FNDA:4,(anonymous_15)
FNDA:1,(anonymous_16)
FNDA:0,(anonymous_17)
DA:4,1
DA:5,1
DA:12,4
DA:13,4
DA:15,4
DA:17,4
DA:18,4
DA:19,4
DA:20,4
DA:23,0
DA:26,4
DA:28,4
DA:29,1
DA:32,4
DA:34,4
DA:35,4
DA:39,1
DA:46,4
DA:50,0
DA:52,0
DA:53,0
DA:54,0
DA:68,0
DA:69,0
DA:70,0
DA:73,0
DA:74,0
DA:77,4
DA:78,4
DA:79,4
DA:80,4
DA:84,4
DA:92,4
DA:96,4
DA:97,4
DA:101,4
DA:103,4
DA:105,4
DA:106,3
DA:109,4
DA:110,0
DA:111,0
DA:114,4
DA:116,4
DA:117,0
DA:120,4
DA:121,0
DA:124,4
DA:129,4
DA:130,4
DA:132,4
DA:141,1
DA:145,0
DA:146,0
DA:150,1
LF:55
LH:39
BRDA:18,0,0,1
BRDA:18,0,1,3
BRDA:28,1,0,1
BRDA:28,1,1,3
BRDA:34,2,0,4
BRDA:34,2,1,0
BRDA:39,3,0,1
BRDA:39,3,1,0
BRDA:52,4,0,0
BRDA:52,4,1,0
BRDA:53,5,0,0
BRDA:53,5,1,0
BRDA:53,6,0,0
BRDA:53,6,1,0
BRDA:53,6,2,0
BRDA:59,7,0,0
BRDA:59,7,1,0
BRDA:68,8,0,0
BRDA:68,8,1,0
BRDA:77,9,0,4
BRDA:77,9,1,0
BRDA:78,10,0,1
BRDA:78,10,1,3
BRDA:96,11,0,3
BRDA:99,12,0,3
BRDA:106,13,0,0
BRDA:106,13,1,3
BRDA:106,14,0,3
BRDA:106,14,1,2
BRDA:106,14,2,0
BRDA:110,15,0,0
BRDA:110,15,1,0
BRDA:111,16,0,0
BRDA:111,16,1,0
BRDA:117,17,0,0
BRDA:117,17,1,0
BRDA:120,18,0,0
BRDA:120,18,1,4
BRDA:120,19,0,4
BRDA:120,19,1,4
BRF:40
BRH:17
end_of_record
TN:
SF:src\routes\Header.svelte
FN:8,get_each_context
FN:15,create_each_block
FN:23,create
FN:34,mount
FN:38,update
FN:51,destroy
FN:67,create_fragment
FN:79,create
FN:91,claim
FN:94,mount
FN:102,update
FN:129,destroy
FN:146,instance
FN:149,(anonymous_13)
FN:154,(anonymous_14)
FN:162,(anonymous_15)
FN:166,(anonymous_16)
FN:170,(anonymous_17)
FN:172,(anonymous_18)
FN:184,(anonymous_19)
FN:196,(anonymous_20)
FN:200,(anonymous_21)
FNF:22
FNH:15
FNDA:6,get_each_context
FNDA:6,create_each_block
FNDA:6,create
FNDA:6,mount
FNDA:0,update
FNDA:6,destroy
FNDA:3,create_fragment
FNDA:3,create
FNDA:0,claim
FNDA:3,mount
FNDA:0,update
FNDA:3,destroy
FNDA:3,instance
FNDA:3,(anonymous_13)
FNDA:3,(anonymous_14)
FNDA:3,(anonymous_15)
FNDA:0,(anonymous_16)
FNDA:0,(anonymous_17)
FNDA:0,(anonymous_18)
FNDA:3,(anonymous_19)
FNDA:1,(anonymous_20)
FNDA:0,(anonymous_21)
DA:4,1
DA:5,1
DA:6,1
DA:9,6
DA:10,6
DA:11,6
DA:17,6
DA:22,6
DA:24,6
DA:25,6
DA:26,6
DA:28,6
DA:32,6
DA:35,6
DA:36,6
DA:39,0
DA:41,0
DA:42,0
DA:45,0
DA:48,0
DA:52,6
DA:56,6
DA:64,6
DA:70,3
DA:71,3
DA:72,3
DA:74,3
DA:75,6
DA:78,3
DA:80,3
DA:81,3
DA:83,3
DA:84,6
DA:87,3
DA:88,3
DA:89,3
DA:92,0
DA:95,3
DA:96,3
DA:98,3
DA:99,6
DA:103,0
DA:104,0
DA:105,0
DA:108,0
DA:109,0
DA:111,0
DA:112,0
DA:114,0
DA:115,0
DA:116,0
DA:120,0
DA:121,0
DA:124,0
DA:130,3
DA:131,3
DA:135,3
DA:143,3
DA:148,3
DA:149,3
DA:150,3
DA:151,3
DA:152,3
DA:154,3
DA:155,3
DA:156,0
DA:160,3
DA:162,3
DA:163,3
DA:166,3
DA:167,0
DA:170,3
DA:172,3
DA:173,0
DA:176,3
DA:177,0
DA:180,3
DA:185,3
DA:186,3
DA:188,3
DA:197,1
DA:201,0
DA:202,0
DA:206,1
LF:84
LH:59
BRDA:28,0,0,0
BRDA:28,0,1,6
BRDA:39,1,0,0
BRDA:39,1,1,0
BRDA:39,2,0,0
BRDA:39,2,1,0
BRDA:41,3,0,0
BRDA:41,3,1,0
BRDA:41,4,0,0
BRDA:41,4,1,0
BRDA:45,5,0,0
BRDA:45,5,1,0
BRDA:45,6,0,0
BRDA:45,6,1,0
BRDA:45,7,0,0
BRDA:45,7,1,0
BRDA:52,8,0,6
BRDA:52,8,1,0
BRDA:103,9,0,0
BRDA:103,9,1,0
BRDA:111,10,0,0
BRDA:111,10,1,0
BRDA:130,11,0,3
BRDA:130,11,1,0
BRDA:150,12,0,3
BRDA:155,13,0,0
BRDA:155,13,1,3
BRDA:155,14,0,3
BRDA:155,14,1,0
BRDA:155,15,0,0
BRDA:155,15,1,0
BRDA:163,16,0,0
BRDA:163,16,1,3
BRDA:163,17,0,3
BRDA:163,17,1,0
BRDA:163,17,2,0
BRDA:167,18,0,0
BRDA:167,18,1,0
BRDA:173,19,0,0
BRDA:173,19,1,0
BRDA:176,20,0,0
BRDA:176,20,1,3
BRDA:176,21,0,3
BRDA:176,21,1,3
BRF:44
BRH:11
end_of_record
TN:
SF:src\routes\Input.svelte
FN:7,create_fragment
FN:11,create
FN:20,claim
FN:23,mount
FN:26,update
FN:45,destroy
FN:61,instance
FN:68,(anonymous_7)
FN:84,(anonymous_8)
FN:88,(anonymous_9)
FN:94,(anonymous_10)
FN:96,(anonymous_11)
FN:110,(anonymous_12)
FN:122,(anonymous_13)
FN:126,(anonymous_14)
FN:131,(anonymous_15)
FN:135,(anonymous_16)
FN:140,(anonymous_17)
FN:144,(anonymous_18)
FNF:19
FNH:11
FNDA:6,create_fragment
FNDA:6,create
FNDA:0,claim
FNDA:6,mount
FNDA:0,update
FNDA:6,destroy
FNDA:6,instance
FNDA:6,(anonymous_7)
FNDA:18,(anonymous_8)
FNDA:0,(anonymous_9)
FNDA:0,(anonymous_10)
FNDA:0,(anonymous_11)
FNDA:6,(anonymous_12)
FNDA:1,(anonymous_13)
FNDA:0,(anonymous_14)
FNDA:1,(anonymous_15)
FNDA:0,(anonymous_16)
FNDA:1,(anonymous_17)
FNDA:0,(anonymous_18)
DA:4,1
DA:5,1
DA:10,6
DA:12,6
DA:13,6
DA:14,6
DA:15,6
DA:16,6
DA:17,6
DA:18,6
DA:21,0
DA:24,6
DA:27,0
DA:28,0
DA:31,0
DA:32,0
DA:35,0
DA:36,0
DA:39,0
DA:40,0
DA:46,6
DA:50,6
DA:58,6
DA:62,6
DA:63,6
DA:64,6
DA:65,6
DA:66,6
DA:68,6
DA:69,6
DA:70,0
DA:73,6
DA:74,0
DA:77,6
DA:78,0
DA:82,6
DA:84,6
DA:85,18
DA:88,6
DA:89,0
DA:90,0
DA:91,0
DA:94,6
DA:96,6
DA:97,0
DA:98,0
DA:99,0
DA:102,6
DA:103,0
DA:106,6
DA:111,6
DA:112,6
DA:114,6
DA:123,1
DA:127,0
DA:128,0
DA:132,1
DA:136,0
DA:137,0
DA:141,1
DA:145,0
DA:146,0
DA:150,1
LF:63
LH:38
BRDA:27,0,0,0
BRDA:27,0,1,0
BRDA:31,1,0,0
BRDA:31,1,1,0
BRDA:35,2,0,0
BRDA:35,2,1,0
BRDA:39,3,0,0
BRDA:39,3,1,0
BRDA:46,4,0,6
BRDA:46,4,1,0
BRDA:62,5,0,6
BRDA:69,6,0,0
BRDA:69,6,1,6
BRDA:69,7,0,6
BRDA:69,7,1,0
BRDA:69,8,0,0
BRDA:69,8,1,0
BRDA:73,9,0,0
BRDA:73,9,1,6
BRDA:73,10,0,6
BRDA:73,10,1,0
BRDA:73,11,0,0
BRDA:73,11,1,0
BRDA:77,12,0,0
BRDA:77,12,1,6
BRDA:77,13,0,6
BRDA:77,13,1,0
BRDA:77,14,0,0
BRDA:77,14,1,0
BRDA:85,15,0,0
BRDA:85,15,1,18
BRDA:85,16,0,18
BRDA:85,16,1,0
BRDA:85,16,2,0
BRDA:89,17,0,0
BRDA:89,17,1,0
BRDA:90,18,0,0
BRDA:90,18,1,0
BRDA:91,19,0,0
BRDA:91,19,1,0
BRDA:97,20,0,0
BRDA:97,20,1,0
BRDA:98,21,0,0
BRDA:98,21,1,0
BRDA:99,22,0,0
BRDA:99,22,1,0
BRDA:102,23,0,0
BRDA:102,23,1,6
BRDA:102,24,0,6
BRDA:102,24,1,6
BRF:50
BRH:13
end_of_record
